{"/Users/joel/eclipse-workspace/shuttletracker-new/frontend/src/App.css": {"path":"/Users/joel/eclipse-workspace/shuttletracker-new/frontend/src/App.css","statementMap":{},"fnMap":{},"branchMap":{},"s":{},"f":{},"b":{},"meta":{"lastBranch":0,"lastFunction":0,"lastStatement":0,"seen":{}}}
,"/Users/joel/eclipse-workspace/shuttletracker-new/frontend/src/App.tsx": {"path":"/Users/joel/eclipse-workspace/shuttletracker-new/frontend/src/App.tsx","statementMap":{"0":{"start":{"line":20,"column":40},"end":{"line":20,"column":null}},"1":{"start":{"line":21,"column":19},"end":{"line":21,"column":null}},"2":{"start":{"line":22,"column":20},"end":{"line":22,"column":null}},"3":{"start":{"line":25,"column":2},"end":{"line":40,"column":null}},"4":{"start":{"line":26,"column":4},"end":{"line":39,"column":null}},"5":{"start":{"line":27,"column":19},"end":{"line":27,"column":null}},"6":{"start":{"line":28,"column":6},"end":{"line":28,"column":null}},"7":{"start":{"line":29,"column":6},"end":{"line":29,"column":null}},"8":{"start":{"line":30,"column":6},"end":{"line":30,"column":null}},"9":{"start":{"line":33,"column":21},"end":{"line":33,"column":null}},"10":{"start":{"line":34,"column":6},"end":{"line":34,"column":null}},"11":{"start":{"line":35,"column":6},"end":{"line":35,"column":null}},"12":{"start":{"line":36,"column":6},"end":{"line":36,"column":null}},"13":{"start":{"line":38,"column":6},"end":{"line":38,"column":null}},"14":{"start":{"line":42,"column":2},"end":{"line":61,"column":null}}},"fnMap":{"0":{"name":"App","decl":{"start":{"line":19,"column":9},"end":{"line":19,"column":15}},"loc":{"start":{"line":19,"column":15},"end":{"line":63,"column":null}},"line":19},"1":{"name":"(anonymous_1)","decl":{"start":{"line":25,"column":12},"end":{"line":25,"column":18}},"loc":{"start":{"line":25,"column":18},"end":{"line":40,"column":5}},"line":25}},"branchMap":{"0":{"loc":{"start":{"line":21,"column":19},"end":{"line":21,"column":null}},"type":"binary-expr","locations":[{"start":{"line":21,"column":19},"end":{"line":21,"column":46}},{"start":{"line":21,"column":46},"end":{"line":21,"column":null}}],"line":21},"1":{"loc":{"start":{"line":26,"column":4},"end":{"line":39,"column":null}},"type":"if","locations":[{"start":{"line":26,"column":4},"end":{"line":39,"column":null}},{"start":{"line":31,"column":11},"end":{"line":39,"column":null}}],"line":26}},"s":{"0":1,"1":1,"2":1,"3":1,"4":1,"5":1,"6":1,"7":1,"8":1,"9":0,"10":0,"11":0,"12":0,"13":0,"14":1},"f":{"0":1,"1":1},"b":{"0":[1,0],"1":[1,0]},"meta":{"lastBranch":2,"lastFunction":2,"lastStatement":15,"seen":{"f:19:9:19:15":0,"s:20:40:20:Infinity":0,"s:21:19:21:Infinity":1,"b:21:19:21:46:21:46:21:Infinity":0,"s:22:20:22:Infinity":2,"s:25:2:40:Infinity":3,"f:25:12:25:18":1,"b:26:4:39:Infinity:31:11:39:Infinity":1,"s:26:4:39:Infinity":4,"s:27:19:27:Infinity":5,"s:28:6:28:Infinity":6,"s:29:6:29:Infinity":7,"s:30:6:30:Infinity":8,"s:33:21:33:Infinity":9,"s:34:6:34:Infinity":10,"s:35:6:35:Infinity":11,"s:36:6:36:Infinity":12,"s:38:6:38:Infinity":13,"s:42:2:61:Infinity":14}}}
,"/Users/joel/eclipse-workspace/shuttletracker-new/frontend/src/components/AnnouncementBanner.tsx": {"path":"/Users/joel/eclipse-workspace/shuttletracker-new/frontend/src/components/AnnouncementBanner.tsx","statementMap":{"0":{"start":{"line":20,"column":31},"end":{"line":20,"column":null}},"1":{"start":{"line":22,"column":22},"end":{"line":22,"column":null}},"2":{"start":{"line":24,"column":20},"end":{"line":24,"column":null}},"3":{"start":{"line":26,"column":19},"end":{"line":26,"column":null}},"4":{"start":{"line":28,"column":4},"end":{"line":55,"column":null}},"5":{"start":{"line":30,"column":8},"end":{"line":32,"column":null}},"6":{"start":{"line":31,"column":12},"end":{"line":31,"column":null}},"7":{"start":{"line":34,"column":25},"end":{"line":34,"column":null}},"8":{"start":{"line":35,"column":20},"end":{"line":35,"column":null}},"9":{"start":{"line":38,"column":8},"end":{"line":52,"column":null}},"10":{"start":{"line":39,"column":12},"end":{"line":48,"column":null}},"11":{"start":{"line":51,"column":12},"end":{"line":51,"column":null}},"12":{"start":{"line":54,"column":8},"end":{"line":54,"column":null}},"13":{"start":{"line":58,"column":4},"end":{"line":60,"column":null}},"14":{"start":{"line":59,"column":8},"end":{"line":59,"column":null}},"15":{"start":{"line":62,"column":4},"end":{"line":62,"column":null}},"16":{"start":{"line":71,"column":4},"end":{"line":79,"column":null}},"17":{"start":{"line":75,"column":62},"end":{"line":75,"column":88}},"18":{"start":{"line":87,"column":16},"end":{"line":87,"column":null}},"19":{"start":{"line":89,"column":4},"end":{"line":100,"column":null}},"20":{"start":{"line":91,"column":8},"end":{"line":91,"column":null}},"21":{"start":{"line":91,"column":34},"end":{"line":91,"column":null}},"22":{"start":{"line":94,"column":8},"end":{"line":97,"column":null}},"23":{"start":{"line":95,"column":35},"end":{"line":95,"column":null}},"24":{"start":{"line":96,"column":12},"end":{"line":96,"column":null}},"25":{"start":{"line":96,"column":38},"end":{"line":96,"column":null}},"26":{"start":{"line":99,"column":8},"end":{"line":99,"column":null}},"27":{"start":{"line":108,"column":32},"end":{"line":108,"column":null}},"28":{"start":{"line":110,"column":4},"end":{"line":112,"column":null}},"29":{"start":{"line":111,"column":8},"end":{"line":111,"column":null}},"30":{"start":{"line":114,"column":4},"end":{"line":123,"column":null}},"31":{"start":{"line":117,"column":16},"end":{"line":121,"column":null}}},"fnMap":{"0":{"name":"parseMessageWithLinks","decl":{"start":{"line":19,"column":9},"end":{"line":19,"column":31}},"loc":{"start":{"line":19,"column":61},"end":{"line":63,"column":null}},"line":19},"1":{"name":"Banner","decl":{"start":{"line":70,"column":16},"end":{"line":70,"column":23}},"loc":{"start":{"line":70,"column":75},"end":{"line":81,"column":null}},"line":70},"2":{"name":"(anonymous_2)","decl":{"start":{"line":75,"column":56},"end":{"line":75,"column":62}},"loc":{"start":{"line":75,"column":62},"end":{"line":75,"column":88}},"line":75},"3":{"name":"getActiveAnnouncements","decl":{"start":{"line":86,"column":9},"end":{"line":86,"column":32}},"loc":{"start":{"line":86,"column":73},"end":{"line":101,"column":null}},"line":86},"4":{"name":"(anonymous_4)","decl":{"start":{"line":89,"column":37},"end":{"line":89,"column":38}},"loc":{"start":{"line":89,"column":55},"end":{"line":100,"column":5}},"line":89},"5":{"name":"AnnouncementBanner","decl":{"start":{"line":107,"column":24},"end":{"line":107,"column":45}},"loc":{"start":{"line":107,"column":45},"end":{"line":125,"column":null}},"line":107},"6":{"name":"(anonymous_6)","decl":{"start":{"line":116,"column":37},"end":{"line":116,"column":38}},"loc":{"start":{"line":117,"column":16},"end":{"line":121,"column":null}},"line":117}},"branchMap":{"0":{"loc":{"start":{"line":30,"column":8},"end":{"line":32,"column":null}},"type":"if","locations":[{"start":{"line":30,"column":8},"end":{"line":32,"column":null}},{"start":{},"end":{}}],"line":30},"1":{"loc":{"start":{"line":38,"column":8},"end":{"line":52,"column":null}},"type":"if","locations":[{"start":{"line":38,"column":8},"end":{"line":52,"column":null}},{"start":{"line":49,"column":15},"end":{"line":52,"column":null}}],"line":38},"2":{"loc":{"start":{"line":58,"column":4},"end":{"line":60,"column":null}},"type":"if","locations":[{"start":{"line":58,"column":4},"end":{"line":60,"column":null}},{"start":{},"end":{}}],"line":58},"3":{"loc":{"start":{"line":62,"column":11},"end":{"line":62,"column":null}},"type":"cond-expr","locations":[{"start":{"line":62,"column":30},"end":{"line":62,"column":38}},{"start":{"line":62,"column":38},"end":{"line":62,"column":null}}],"line":62},"4":{"loc":{"start":{"line":70,"column":40},"end":{"line":70,"column":59}},"type":"default-arg","locations":[{"start":{"line":70,"column":53},"end":{"line":70,"column":59}}],"line":70},"5":{"loc":{"start":{"line":74,"column":13},"end":{"line":77,"column":null}},"type":"binary-expr","locations":[{"start":{"line":74,"column":13},"end":{"line":74,"column":null}},{"start":{"line":75,"column":16},"end":{"line":77,"column":null}}],"line":74},"6":{"loc":{"start":{"line":91,"column":8},"end":{"line":91,"column":null}},"type":"if","locations":[{"start":{"line":91,"column":8},"end":{"line":91,"column":null}},{"start":{},"end":{}}],"line":91},"7":{"loc":{"start":{"line":94,"column":8},"end":{"line":97,"column":null}},"type":"if","locations":[{"start":{"line":94,"column":8},"end":{"line":97,"column":null}},{"start":{},"end":{}}],"line":94},"8":{"loc":{"start":{"line":96,"column":12},"end":{"line":96,"column":null}},"type":"if","locations":[{"start":{"line":96,"column":12},"end":{"line":96,"column":null}},{"start":{},"end":{}}],"line":96},"9":{"loc":{"start":{"line":110,"column":4},"end":{"line":112,"column":null}},"type":"if","locations":[{"start":{"line":110,"column":4},"end":{"line":112,"column":null}},{"start":{},"end":{}}],"line":110}},"s":{"0":2,"1":2,"2":2,"3":2,"4":2,"5":2,"6":2,"7":2,"8":2,"9":2,"10":2,"11":0,"12":2,"13":2,"14":0,"15":2,"16":2,"17":0,"18":1,"19":1,"20":1,"21":0,"22":1,"23":1,"24":1,"25":0,"26":1,"27":1,"28":1,"29":0,"30":1,"31":1},"f":{"0":2,"1":2,"2":0,"3":1,"4":1,"5":1,"6":1},"b":{"0":[2,0],"1":[2,0],"2":[0,2],"3":[2,0],"4":[2],"5":[2,0],"6":[0,1],"7":[1,0],"8":[0,1],"9":[0,1]},"meta":{"lastBranch":10,"lastFunction":7,"lastStatement":32,"seen":{"f:19:9:19:31":0,"s:20:31:20:Infinity":0,"s:22:22:22:Infinity":1,"s:24:20:24:Infinity":2,"s:26:19:26:Infinity":3,"s:28:4:55:Infinity":4,"b:30:8:32:Infinity:undefined:undefined:undefined:undefined":0,"s:30:8:32:Infinity":5,"s:31:12:31:Infinity":6,"s:34:25:34:Infinity":7,"s:35:20:35:Infinity":8,"b:38:8:52:Infinity:49:15:52:Infinity":1,"s:38:8:52:Infinity":9,"s:39:12:48:Infinity":10,"s:51:12:51:Infinity":11,"s:54:8:54:Infinity":12,"b:58:4:60:Infinity:undefined:undefined:undefined:undefined":2,"s:58:4:60:Infinity":13,"s:59:8:59:Infinity":14,"s:62:4:62:Infinity":15,"b:62:30:62:38:62:38:62:Infinity":3,"f:70:16:70:23":1,"b:70:53:70:59":4,"s:71:4:79:Infinity":16,"b:74:13:74:Infinity:75:16:77:Infinity":5,"f:75:56:75:62":2,"s:75:62:75:88":17,"f:86:9:86:32":3,"s:87:16:87:Infinity":18,"s:89:4:100:Infinity":19,"f:89:37:89:38":4,"b:91:8:91:Infinity:undefined:undefined:undefined:undefined":6,"s:91:8:91:Infinity":20,"s:91:34:91:Infinity":21,"b:94:8:97:Infinity:undefined:undefined:undefined:undefined":7,"s:94:8:97:Infinity":22,"s:95:35:95:Infinity":23,"b:96:12:96:Infinity:undefined:undefined:undefined:undefined":8,"s:96:12:96:Infinity":24,"s:96:38:96:Infinity":25,"s:99:8:99:Infinity":26,"f:107:24:107:45":5,"s:108:32:108:Infinity":27,"b:110:4:112:Infinity:undefined:undefined:undefined:undefined":9,"s:110:4:112:Infinity":28,"s:111:8:111:Infinity":29,"s:114:4:123:Infinity":30,"f:116:37:116:38":6,"s:117:16:121:Infinity":31}}}
,"/Users/joel/eclipse-workspace/shuttletracker-new/frontend/src/components/DataAgeIndicator.tsx": {"path":"/Users/joel/eclipse-workspace/shuttletracker-new/frontend/src/components/DataAgeIndicator.tsx","statementMap":{"0":{"start":{"line":9,"column":4},"end":{"line":11,"column":null}},"1":{"start":{"line":10,"column":8},"end":{"line":10,"column":null}},"2":{"start":{"line":14,"column":22},"end":{"line":22,"column":null}},"3":{"start":{"line":15,"column":8},"end":{"line":21,"column":null}},"4":{"start":{"line":16,"column":12},"end":{"line":16,"column":null}},"5":{"start":{"line":17,"column":8},"end":{"line":21,"column":null}},"6":{"start":{"line":18,"column":12},"end":{"line":18,"column":null}},"7":{"start":{"line":20,"column":12},"end":{"line":20,"column":null}},"8":{"start":{"line":24,"column":19},"end":{"line":24,"column":null}},"9":{"start":{"line":26,"column":4},"end":{"line":30,"column":null}}},"fnMap":{"0":{"name":"DataAgeIndicator","decl":{"start":{"line":7,"column":24},"end":{"line":7,"column":41}},"loc":{"start":{"line":7,"column":77},"end":{"line":32,"column":null}},"line":7},"1":{"name":"(anonymous_1)","decl":{"start":{"line":14,"column":22},"end":{"line":14,"column":28}},"loc":{"start":{"line":14,"column":28},"end":{"line":22,"column":null}},"line":14}},"branchMap":{"0":{"loc":{"start":{"line":9,"column":4},"end":{"line":11,"column":null}},"type":"if","locations":[{"start":{"line":9,"column":4},"end":{"line":11,"column":null}},{"start":{},"end":{}}],"line":9},"1":{"loc":{"start":{"line":15,"column":8},"end":{"line":21,"column":null}},"type":"if","locations":[{"start":{"line":15,"column":8},"end":{"line":21,"column":null}},{"start":{"line":17,"column":8},"end":{"line":21,"column":null}}],"line":15},"2":{"loc":{"start":{"line":17,"column":8},"end":{"line":21,"column":null}},"type":"if","locations":[{"start":{"line":17,"column":8},"end":{"line":21,"column":null}},{"start":{"line":19,"column":15},"end":{"line":21,"column":null}}],"line":17}},"s":{"0":9,"1":9,"2":0,"3":0,"4":0,"5":0,"6":0,"7":0,"8":0,"9":0},"f":{"0":9,"1":0},"b":{"0":[9,0],"1":[0,0],"2":[0,0]},"meta":{"lastBranch":3,"lastFunction":2,"lastStatement":10,"seen":{"f:7:24:7:41":0,"b:9:4:11:Infinity:undefined:undefined:undefined:undefined":0,"s:9:4:11:Infinity":0,"s:10:8:10:Infinity":1,"s:14:22:22:Infinity":2,"f:14:22:14:28":1,"b:15:8:21:Infinity:17:8:21:Infinity":1,"s:15:8:21:Infinity":3,"s:16:12:16:Infinity":4,"b:17:8:21:Infinity:19:15:21:Infinity":2,"s:17:8:21:Infinity":5,"s:18:12:18:Infinity":6,"s:20:12:20:Infinity":7,"s:24:19:24:Infinity":8,"s:26:4:30:Infinity":9}}}
,"/Users/joel/eclipse-workspace/shuttletracker-new/frontend/src/components/DataBoard.tsx": {"path":"/Users/joel/eclipse-workspace/shuttletracker-new/frontend/src/components/DataBoard.tsx","statementMap":{"0":{"start":{"line":9,"column":1},"end":{"line":42,"column":null}},"1":{"start":{"line":32,"column":9},"end":{"line":36,"column":null}},"2":{"start":{"line":34,"column":11},"end":{"line":34,"column":null}}},"fnMap":{"0":{"name":"DataBoard","decl":{"start":{"line":8,"column":24},"end":{"line":8,"column":34}},"loc":{"start":{"line":8,"column":72},"end":{"line":44,"column":null}},"line":8},"1":{"name":"(anonymous_1)","decl":{"start":{"line":31,"column":23},"end":{"line":31,"column":24}},"loc":{"start":{"line":32,"column":9},"end":{"line":36,"column":null}},"line":32},"2":{"name":"(anonymous_2)","decl":{"start":{"line":33,"column":19},"end":{"line":33,"column":20}},"loc":{"start":{"line":34,"column":11},"end":{"line":34,"column":null}},"line":34}},"branchMap":{"0":{"loc":{"start":{"line":20,"column":6},"end":{"line":38,"column":null}},"type":"cond-expr","locations":[{"start":{"line":22,"column":7},"end":{"line":28,"column":null}},{"start":{"line":30,"column":7},"end":{"line":38,"column":null}}],"line":20},"1":{"loc":{"start":{"line":20,"column":6},"end":{"line":20,"column":null}},"type":"binary-expr","locations":[{"start":{"line":20,"column":6},"end":{"line":20,"column":35}},{"start":{"line":20,"column":35},"end":{"line":20,"column":60}},{"start":{"line":20,"column":60},"end":{"line":20,"column":null}}],"line":20}},"s":{"0":0,"1":0,"2":0},"f":{"0":0,"1":0,"2":0},"b":{"0":[0,0],"1":[0,0,0]},"meta":{"lastBranch":2,"lastFunction":3,"lastStatement":3,"seen":{"f:8:24:8:34":0,"s:9:1:42:Infinity":0,"b:22:7:28:Infinity:30:7:38:Infinity":0,"b:20:6:20:35:20:35:20:60:20:60:20:Infinity":1,"f:31:23:31:24":1,"s:32:9:36:Infinity":1,"f:33:19:33:20":2,"s:34:11:34:Infinity":2}}}
,"/Users/joel/eclipse-workspace/shuttletracker-new/frontend/src/components/ErrorBoundary.tsx": {"path":"/Users/joel/eclipse-workspace/shuttletracker-new/frontend/src/components/ErrorBoundary.tsx","statementMap":{"0":{"start":{"line":19,"column":8},"end":{"line":19,"column":null}},"1":{"start":{"line":20,"column":8},"end":{"line":20,"column":null}},"2":{"start":{"line":24,"column":8},"end":{"line":24,"column":null}},"3":{"start":{"line":29,"column":8},"end":{"line":29,"column":null}},"4":{"start":{"line":33,"column":8},"end":{"line":43,"column":null}},"5":{"start":{"line":34,"column":12},"end":{"line":41,"column":null}},"6":{"start":{"line":45,"column":8},"end":{"line":45,"column":null}}},"fnMap":{"0":{"name":"(anonymous_0)","decl":{"start":{"line":18,"column":4},"end":{"line":18,"column":16}},"loc":{"start":{"line":18,"column":43},"end":{"line":21,"column":null}},"line":18},"1":{"name":"(anonymous_1)","decl":{"start":{"line":23,"column":11},"end":{"line":23,"column":36}},"loc":{"start":{"line":23,"column":70},"end":{"line":25,"column":null}},"line":23},"2":{"name":"(anonymous_2)","decl":{"start":{"line":27,"column":4},"end":{"line":27,"column":22}},"loc":{"start":{"line":27,"column":70},"end":{"line":30,"column":null}},"line":27},"3":{"name":"(anonymous_3)","decl":{"start":{"line":32,"column":4},"end":{"line":32,"column":24}},"loc":{"start":{"line":32,"column":24},"end":{"line":46,"column":null}},"line":32}},"branchMap":{"0":{"loc":{"start":{"line":33,"column":8},"end":{"line":43,"column":null}},"type":"if","locations":[{"start":{"line":33,"column":8},"end":{"line":43,"column":null}},{"start":{},"end":{}}],"line":33}},"s":{"0":1,"1":1,"2":0,"3":0,"4":1,"5":0,"6":1},"f":{"0":1,"1":1,"2":0,"3":1},"b":{"0":[0,1]},"meta":{"lastBranch":1,"lastFunction":4,"lastStatement":7,"seen":{"f:18:4:18:16":0,"s:19:8:19:Infinity":0,"s:20:8:20:Infinity":1,"f:23:11:23:36":1,"s:24:8:24:Infinity":2,"f:27:4:27:22":2,"s:29:8:29:Infinity":3,"f:32:4:32:24":3,"b:33:8:43:Infinity:undefined:undefined:undefined:undefined":0,"s:33:8:43:Infinity":4,"s:34:12:41:Infinity":5,"s:45:8:45:Infinity":6}}}
,"/Users/joel/eclipse-workspace/shuttletracker-new/frontend/src/components/Feedback.tsx": {"path":"/Users/joel/eclipse-workspace/shuttletracker-new/frontend/src/components/Feedback.tsx","statementMap":{"0":{"start":{"line":4,"column":2},"end":{"line":15,"column":null}}},"fnMap":{"0":{"name":"Feedback","decl":{"start":{"line":3,"column":24},"end":{"line":3,"column":35}},"loc":{"start":{"line":3,"column":35},"end":{"line":17,"column":null}},"line":3}},"branchMap":{},"s":{"0":2},"f":{"0":2},"b":{},"meta":{"lastBranch":0,"lastFunction":1,"lastStatement":1,"seen":{"f:3:24:3:35":0,"s:4:2:15:Infinity":0}}}
,"/Users/joel/eclipse-workspace/shuttletracker-new/frontend/src/components/MapKitMap.tsx": {"path":"/Users/joel/eclipse-workspace/shuttletracker-new/frontend/src/components/MapKitMap.tsx","statementMap":{"0":{"start":{"line":22,"column":2},"end":{"line":22,"column":null}},"1":{"start":{"line":22,"column":25},"end":{"line":22,"column":null}},"2":{"start":{"line":24,"column":2},"end":{"line":28,"column":null}},"3":{"start":{"line":25,"column":4},"end":{"line":25,"column":null}},"4":{"start":{"line":25,"column":21},"end":{"line":25,"column":null}},"5":{"start":{"line":26,"column":22},"end":{"line":26,"column":null}},"6":{"start":{"line":27,"column":4},"end":{"line":27,"column":null}},"7":{"start":{"line":33,"column":21},"end":{"line":33,"column":null}},"8":{"start":{"line":35,"column":2},"end":{"line":94,"column":null}},"9":{"start":{"line":36,"column":22},"end":{"line":36,"column":null}},"10":{"start":{"line":37,"column":22},"end":{"line":37,"column":null}},"11":{"start":{"line":40,"column":4},"end":{"line":40,"column":null}},"12":{"start":{"line":40,"column":72},"end":{"line":40,"column":74}},"13":{"start":{"line":44,"column":27},"end":{"line":44,"column":null}},"14":{"start":{"line":46,"column":4},"end":{"line":93,"column":null}},"15":{"start":{"line":46,"column":17},"end":{"line":46,"column":20}},"16":{"start":{"line":48,"column":25},"end":{"line":48,"column":null}},"17":{"start":{"line":49,"column":23},"end":{"line":49,"column":null}},"18":{"start":{"line":50,"column":28},"end":{"line":50,"column":null}},"19":{"start":{"line":51,"column":26},"end":{"line":51,"column":null}},"20":{"start":{"line":52,"column":6},"end":{"line":52,"column":null}},"21":{"start":{"line":52,"column":40},"end":{"line":52,"column":null}},"22":{"start":{"line":55,"column":22},"end":{"line":76,"column":null}},"23":{"start":{"line":56,"column":8},"end":{"line":75,"column":null}},"24":{"start":{"line":62,"column":12},"end":{"line":66,"column":null}},"25":{"start":{"line":63,"column":14},"end":{"line":63,"column":null}},"26":{"start":{"line":64,"column":14},"end":{"line":64,"column":null}},"27":{"start":{"line":65,"column":14},"end":{"line":65,"column":null}},"28":{"start":{"line":67,"column":12},"end":{"line":73,"column":null}},"29":{"start":{"line":68,"column":29},"end":{"line":68,"column":null}},"30":{"start":{"line":68,"column":70},"end":{"line":68,"column":97}},"31":{"start":{"line":69,"column":14},"end":{"line":69,"column":null}},"32":{"start":{"line":71,"column":14},"end":{"line":71,"column":null}},"33":{"start":{"line":72,"column":14},"end":{"line":72,"column":null}},"34":{"start":{"line":79,"column":6},"end":{"line":87,"column":null}},"35":{"start":{"line":80,"column":8},"end":{"line":86,"column":null}},"36":{"start":{"line":82,"column":10},"end":{"line":82,"column":null}},"37":{"start":{"line":85,"column":10},"end":{"line":85,"column":null}},"38":{"start":{"line":90,"column":6},"end":{"line":92,"column":null}},"39":{"start":{"line":91,"column":8},"end":{"line":91,"column":null}},"40":{"start":{"line":97,"column":2},"end":{"line":101,"column":null}},"41":{"start":{"line":98,"column":4},"end":{"line":100,"column":null}},"42":{"start":{"line":99,"column":6},"end":{"line":99,"column":null}},"43":{"start":{"line":105,"column":20},"end":{"line":105,"column":null}},"44":{"start":{"line":106,"column":17},"end":{"line":106,"column":null}},"45":{"start":{"line":107,"column":16},"end":{"line":107,"column":null}},"46":{"start":{"line":108,"column":14},"end":{"line":108,"column":null}},"47":{"start":{"line":109,"column":4},"end":{"line":109,"column":null}},"48":{"start":{"line":110,"column":4},"end":{"line":110,"column":null}},"49":{"start":{"line":111,"column":4},"end":{"line":111,"column":null}},"50":{"start":{"line":112,"column":4},"end":{"line":112,"column":null}},"51":{"start":{"line":113,"column":4},"end":{"line":116,"column":null}},"52":{"start":{"line":114,"column":6},"end":{"line":114,"column":null}},"53":{"start":{"line":115,"column":6},"end":{"line":115,"column":null}},"54":{"start":{"line":119,"column":2},"end":{"line":119,"column":null}},"55":{"start":{"line":120,"column":2},"end":{"line":120,"column":null}},"56":{"start":{"line":135,"column":8},"end":{"line":135,"column":null}},"57":{"start":{"line":136,"column":32},"end":{"line":136,"column":null}},"58":{"start":{"line":137,"column":16},"end":{"line":137,"column":null}},"59":{"start":{"line":138,"column":20},"end":{"line":138,"column":null}},"60":{"start":{"line":139,"column":30},"end":{"line":139,"column":null}},"61":{"start":{"line":140,"column":28},"end":{"line":140,"column":null}},"62":{"start":{"line":142,"column":8},"end":{"line":142,"column":null}},"63":{"start":{"line":143,"column":8},"end":{"line":150,"column":null}},"64":{"start":{"line":151,"column":8},"end":{"line":151,"column":null}},"65":{"start":{"line":154,"column":22},"end":{"line":154,"column":null}},"66":{"start":{"line":155,"column":8},"end":{"line":155,"column":null}},"67":{"start":{"line":156,"column":37},"end":{"line":156,"column":null}},"68":{"start":{"line":159,"column":24},"end":{"line":164,"column":null}},"69":{"start":{"line":160,"column":4},"end":{"line":163,"column":null}},"70":{"start":{"line":161,"column":6},"end":{"line":161,"column":null}},"71":{"start":{"line":161,"column":37},"end":{"line":161,"column":78}},"72":{"start":{"line":161,"column":63},"end":{"line":161,"column":78}},"73":{"start":{"line":162,"column":6},"end":{"line":162,"column":null}},"74":{"start":{"line":166,"column":2},"end":{"line":179,"column":null}},"75":{"start":{"line":168,"column":25},"end":{"line":177,"column":null}},"76":{"start":{"line":170,"column":6},"end":{"line":170,"column":null}},"77":{"start":{"line":171,"column":6},"end":{"line":175,"column":null}},"78":{"start":{"line":173,"column":10},"end":{"line":173,"column":null}},"79":{"start":{"line":176,"column":6},"end":{"line":176,"column":null}},"80":{"start":{"line":178,"column":4},"end":{"line":178,"column":null}},"81":{"start":{"line":182,"column":2},"end":{"line":228,"column":null}},"82":{"start":{"line":183,"column":4},"end":{"line":183,"column":null}},"83":{"start":{"line":183,"column":26},"end":{"line":183,"column":null}},"84":{"start":{"line":185,"column":58},"end":{"line":185,"column":null}},"85":{"start":{"line":186,"column":20},"end":{"line":186,"column":null}},"86":{"start":{"line":188,"column":25},"end":{"line":217,"column":null}},"87":{"start":{"line":189,"column":6},"end":{"line":216,"column":null}},"88":{"start":{"line":190,"column":25},"end":{"line":190,"column":null}},"89":{"start":{"line":191,"column":8},"end":{"line":193,"column":null}},"90":{"start":{"line":192,"column":10},"end":{"line":192,"column":null}},"91":{"start":{"line":194,"column":21},"end":{"line":194,"column":null}},"92":{"start":{"line":195,"column":8},"end":{"line":195,"column":null}},"93":{"start":{"line":198,"column":30},"end":{"line":198,"column":null}},"94":{"start":{"line":199,"column":8},"end":{"line":199,"column":null}},"95":{"start":{"line":204,"column":31},"end":{"line":204,"column":null}},"96":{"start":{"line":205,"column":29},"end":{"line":205,"column":null}},"97":{"start":{"line":207,"column":8},"end":{"line":209,"column":null}},"98":{"start":{"line":208,"column":10},"end":{"line":208,"column":null}},"99":{"start":{"line":211,"column":8},"end":{"line":211,"column":null}},"100":{"start":{"line":213,"column":8},"end":{"line":215,"column":null}},"101":{"start":{"line":214,"column":10},"end":{"line":214,"column":null}},"102":{"start":{"line":219,"column":4},"end":{"line":219,"column":null}},"103":{"start":{"line":221,"column":4},"end":{"line":226,"column":null}},"104":{"start":{"line":222,"column":6},"end":{"line":222,"column":null}},"105":{"start":{"line":223,"column":6},"end":{"line":225,"column":null}},"106":{"start":{"line":224,"column":8},"end":{"line":224,"column":null}},"107":{"start":{"line":231,"column":2},"end":{"line":388,"column":null}},"108":{"start":{"line":232,"column":4},"end":{"line":380,"column":null}},"109":{"start":{"line":235,"column":21},"end":{"line":235,"column":null}},"110":{"start":{"line":236,"column":19},"end":{"line":236,"column":null}},"111":{"start":{"line":237,"column":21},"end":{"line":237,"column":null}},"112":{"start":{"line":239,"column":25},"end":{"line":248,"column":null}},"113":{"start":{"line":251,"column":22},"end":{"line":251,"column":null}},"114":{"start":{"line":253,"column":6},"end":{"line":256,"column":null}},"115":{"start":{"line":257,"column":6},"end":{"line":263,"column":null}},"116":{"start":{"line":264,"column":6},"end":{"line":264,"column":null}},"117":{"start":{"line":266,"column":31},"end":{"line":278,"column":null}},"118":{"start":{"line":267,"column":8},"end":{"line":270,"column":null}},"119":{"start":{"line":268,"column":10},"end":{"line":268,"column":null}},"120":{"start":{"line":269,"column":10},"end":{"line":269,"column":null}},"121":{"start":{"line":271,"column":23},"end":{"line":274,"column":null}},"122":{"start":{"line":275,"column":8},"end":{"line":275,"column":null}},"123":{"start":{"line":276,"column":8},"end":{"line":276,"column":null}},"124":{"start":{"line":277,"column":8},"end":{"line":277,"column":null}},"125":{"start":{"line":280,"column":6},"end":{"line":297,"column":null}},"126":{"start":{"line":281,"column":8},"end":{"line":281,"column":null}},"127":{"start":{"line":281,"column":24},"end":{"line":281,"column":null}},"128":{"start":{"line":282,"column":8},"end":{"line":282,"column":null}},"129":{"start":{"line":282,"column":58},"end":{"line":282,"column":null}},"130":{"start":{"line":285,"column":26},"end":{"line":285,"column":null}},"131":{"start":{"line":287,"column":8},"end":{"line":296,"column":null}},"132":{"start":{"line":289,"column":10},"end":{"line":289,"column":null}},"133":{"start":{"line":291,"column":10},"end":{"line":295,"column":null}},"134":{"start":{"line":293,"column":29},"end":{"line":293,"column":null}},"135":{"start":{"line":294,"column":12},"end":{"line":294,"column":null}},"136":{"start":{"line":294,"column":46},"end":{"line":294,"column":null}},"137":{"start":{"line":298,"column":6},"end":{"line":304,"column":null}},"138":{"start":{"line":300,"column":8},"end":{"line":303,"column":null}},"139":{"start":{"line":301,"column":10},"end":{"line":301,"column":null}},"140":{"start":{"line":302,"column":10},"end":{"line":302,"column":null}},"141":{"start":{"line":306,"column":6},"end":{"line":308,"column":null}},"142":{"start":{"line":307,"column":9},"end":{"line":307,"column":null}},"143":{"start":{"line":310,"column":6},"end":{"line":312,"column":null}},"144":{"start":{"line":311,"column":9},"end":{"line":311,"column":null}},"145":{"start":{"line":315,"column":54},"end":{"line":315,"column":null}},"146":{"start":{"line":316,"column":6},"end":{"line":372,"column":null}},"147":{"start":{"line":317,"column":21},"end":{"line":317,"column":null}},"148":{"start":{"line":318,"column":19},"end":{"line":318,"column":null}},"149":{"start":{"line":319,"column":19},"end":{"line":319,"column":null}},"150":{"start":{"line":321,"column":56},"end":{"line":321,"column":null}},"151":{"start":{"line":324,"column":8},"end":{"line":344,"column":null}},"152":{"start":{"line":325,"column":10},"end":{"line":325,"column":null}},"153":{"start":{"line":325,"column":58},"end":{"line":325,"column":null}},"154":{"start":{"line":326,"column":10},"end":{"line":343,"column":null}},"155":{"start":{"line":328,"column":28},"end":{"line":328,"column":null}},"156":{"start":{"line":329,"column":30},"end":{"line":329,"column":null}},"157":{"start":{"line":330,"column":30},"end":{"line":330,"column":null}},"158":{"start":{"line":333,"column":27},"end":{"line":333,"column":null}},"159":{"start":{"line":334,"column":12},"end":{"line":342,"column":null}},"160":{"start":{"line":335,"column":30},"end":{"line":335,"column":null}},"161":{"start":{"line":336,"column":30},"end":{"line":336,"column":null}},"162":{"start":{"line":338,"column":31},"end":{"line":338,"column":null}},"163":{"start":{"line":339,"column":14},"end":{"line":341,"column":null}},"164":{"start":{"line":340,"column":16},"end":{"line":340,"column":null}},"165":{"start":{"line":346,"column":8},"end":{"line":371,"column":null}},"166":{"start":{"line":348,"column":10},"end":{"line":355,"column":null}},"167":{"start":{"line":349,"column":12},"end":{"line":354,"column":null}},"168":{"start":{"line":358,"column":10},"end":{"line":368,"column":null}},"169":{"start":{"line":359,"column":12},"end":{"line":364,"column":null}},"170":{"start":{"line":365,"column":13},"end":{"line":365,"column":null}},"171":{"start":{"line":367,"column":13},"end":{"line":367,"column":null}},"172":{"start":{"line":370,"column":10},"end":{"line":370,"column":null}},"173":{"start":{"line":375,"column":6},"end":{"line":377,"column":null}},"174":{"start":{"line":379,"column":6},"end":{"line":379,"column":null}},"175":{"start":{"line":383,"column":4},"end":{"line":387,"column":null}},"176":{"start":{"line":384,"column":6},"end":{"line":386,"column":null}},"177":{"start":{"line":385,"column":8},"end":{"line":385,"column":null}},"178":{"start":{"line":392,"column":2},"end":{"line":461,"column":null}},"179":{"start":{"line":393,"column":4},"end":{"line":393,"column":null}},"180":{"start":{"line":393,"column":28},"end":{"line":393,"column":null}},"181":{"start":{"line":397,"column":4},"end":{"line":423,"column":null}},"182":{"start":{"line":398,"column":6},"end":{"line":422,"column":null}},"183":{"start":{"line":399,"column":25},"end":{"line":399,"column":null}},"184":{"start":{"line":400,"column":31},"end":{"line":400,"column":null}},"185":{"start":{"line":402,"column":28},"end":{"line":415,"column":null}},"186":{"start":{"line":417,"column":8},"end":{"line":417,"column":null}},"187":{"start":{"line":418,"column":8},"end":{"line":418,"column":null}},"188":{"start":{"line":419,"column":8},"end":{"line":419,"column":null}},"189":{"start":{"line":421,"column":8},"end":{"line":421,"column":null}},"190":{"start":{"line":427,"column":6},"end":{"line":445,"column":null}},"191":{"start":{"line":429,"column":31},"end":{"line":443,"column":null}},"192":{"start":{"line":432,"column":27},"end":{"line":432,"column":null}},"193":{"start":{"line":432,"column":53},"end":{"line":432,"column":84}},"194":{"start":{"line":433,"column":12},"end":{"line":433,"column":null}},"195":{"start":{"line":433,"column":37},"end":{"line":433,"column":null}},"196":{"start":{"line":434,"column":29},"end":{"line":440,"column":null}},"197":{"start":{"line":441,"column":12},"end":{"line":441,"column":null}},"198":{"start":{"line":443,"column":22},"end":{"line":443,"column":32}},"199":{"start":{"line":444,"column":8},"end":{"line":444,"column":null}},"200":{"start":{"line":448,"column":4},"end":{"line":459,"column":null}},"201":{"start":{"line":450,"column":28},"end":{"line":450,"column":null}},"202":{"start":{"line":451,"column":6},"end":{"line":454,"column":null}},"203":{"start":{"line":452,"column":8},"end":{"line":452,"column":null}},"204":{"start":{"line":453,"column":8},"end":{"line":453,"column":null}},"205":{"start":{"line":457,"column":6},"end":{"line":457,"column":null}},"206":{"start":{"line":458,"column":6},"end":{"line":458,"column":null}},"207":{"start":{"line":464,"column":8},"end":{"line":481,"column":null}},"208":{"start":{"line":465,"column":4},"end":{"line":465,"column":null}},"209":{"start":{"line":465,"column":20},"end":{"line":465,"column":null}},"210":{"start":{"line":466,"column":52},"end":{"line":466,"column":null}},"211":{"start":{"line":468,"column":4},"end":{"line":479,"column":null}},"212":{"start":{"line":469,"column":6},"end":{"line":478,"column":null}},"213":{"start":{"line":471,"column":37},"end":{"line":471,"column":null}},"214":{"start":{"line":472,"column":8},"end":{"line":476,"column":null}},"215":{"start":{"line":473,"column":10},"end":{"line":475,"column":null}},"216":{"start":{"line":474,"column":12},"end":{"line":474,"column":null}},"217":{"start":{"line":477,"column":8},"end":{"line":477,"column":null}},"218":{"start":{"line":480,"column":4},"end":{"line":480,"column":null}},"219":{"start":{"line":484,"column":2},"end":{"line":686,"column":null}},"220":{"start":{"line":485,"column":4},"end":{"line":485,"column":null}},"221":{"start":{"line":485,"column":27},"end":{"line":485,"column":null}},"222":{"start":{"line":487,"column":4},"end":{"line":551,"column":null}},"223":{"start":{"line":488,"column":22},"end":{"line":488,"column":null}},"224":{"start":{"line":489,"column":25},"end":{"line":489,"column":null}},"225":{"start":{"line":491,"column":33},"end":{"line":491,"column":null}},"226":{"start":{"line":494,"column":12},"end":{"line":502,"column":null}},"227":{"start":{"line":495,"column":8},"end":{"line":497,"column":null}},"228":{"start":{"line":496,"column":10},"end":{"line":496,"column":null}},"229":{"start":{"line":498,"column":25},"end":{"line":498,"column":null}},"230":{"start":{"line":499,"column":21},"end":{"line":499,"column":null}},"231":{"start":{"line":500,"column":8},"end":{"line":500,"column":null}},"232":{"start":{"line":505,"column":12},"end":{"line":505,"column":null}},"233":{"start":{"line":506,"column":25},"end":{"line":506,"column":null}},"234":{"start":{"line":509,"column":6},"end":{"line":550,"column":null}},"235":{"start":{"line":512,"column":8},"end":{"line":514,"column":null}},"236":{"start":{"line":513,"column":10},"end":{"line":513,"column":null}},"237":{"start":{"line":515,"column":8},"end":{"line":515,"column":null}},"238":{"start":{"line":519,"column":8},"end":{"line":528,"column":null}},"239":{"start":{"line":521,"column":10},"end":{"line":524,"column":null}},"240":{"start":{"line":522,"column":12},"end":{"line":522,"column":null}},"241":{"start":{"line":523,"column":12},"end":{"line":523,"column":null}},"242":{"start":{"line":525,"column":8},"end":{"line":528,"column":null}},"243":{"start":{"line":526,"column":10},"end":{"line":526,"column":null}},"244":{"start":{"line":527,"column":10},"end":{"line":527,"column":null}},"245":{"start":{"line":530,"column":34},"end":{"line":536,"column":null}},"246":{"start":{"line":539,"column":27},"end":{"line":539,"column":null}},"247":{"start":{"line":543,"column":8},"end":{"line":545,"column":null}},"248":{"start":{"line":544,"column":10},"end":{"line":544,"column":null}},"249":{"start":{"line":548,"column":8},"end":{"line":548,"column":null}},"250":{"start":{"line":549,"column":8},"end":{"line":549,"column":null}},"251":{"start":{"line":554,"column":16},"end":{"line":554,"column":null}},"252":{"start":{"line":555,"column":4},"end":{"line":676,"column":null}},"253":{"start":{"line":556,"column":22},"end":{"line":556,"column":null}},"254":{"start":{"line":560,"column":6},"end":{"line":560,"column":null}},"255":{"start":{"line":560,"column":71},"end":{"line":560,"column":null}},"256":{"start":{"line":562,"column":28},"end":{"line":562,"column":null}},"257":{"start":{"line":563,"column":27},"end":{"line":563,"column":null}},"258":{"start":{"line":565,"column":25},"end":{"line":565,"column":null}},"259":{"start":{"line":568,"column":22},"end":{"line":568,"column":null}},"260":{"start":{"line":572,"column":6},"end":{"line":574,"column":null}},"261":{"start":{"line":573,"column":8},"end":{"line":573,"column":null}},"262":{"start":{"line":576,"column":29},"end":{"line":586,"column":null}},"263":{"start":{"line":577,"column":29},"end":{"line":577,"column":null}},"264":{"start":{"line":578,"column":8},"end":{"line":585,"column":null}},"265":{"start":{"line":588,"column":6},"end":{"line":675,"column":null}},"266":{"start":{"line":589,"column":8},"end":{"line":589,"column":null}},"267":{"start":{"line":607,"column":42},"end":{"line":607,"column":null}},"268":{"start":{"line":610,"column":55},"end":{"line":610,"column":null}},"269":{"start":{"line":614,"column":37},"end":{"line":614,"column":null}},"270":{"start":{"line":615,"column":40},"end":{"line":615,"column":null}},"271":{"start":{"line":618,"column":55},"end":{"line":623,"column":null}},"272":{"start":{"line":628,"column":39},"end":{"line":628,"column":null}},"273":{"start":{"line":629,"column":8},"end":{"line":638,"column":null}},"274":{"start":{"line":630,"column":31},"end":{"line":630,"column":null}},"275":{"start":{"line":631,"column":29},"end":{"line":631,"column":null}},"276":{"start":{"line":632,"column":16},"end":{"line":632,"column":null}},"277":{"start":{"line":633,"column":16},"end":{"line":633,"column":null}},"278":{"start":{"line":635,"column":10},"end":{"line":637,"column":null}},"279":{"start":{"line":636,"column":12},"end":{"line":636,"column":null}},"280":{"start":{"line":641,"column":14},"end":{"line":647,"column":null}},"281":{"start":{"line":650,"column":35},"end":{"line":650,"column":null}},"282":{"start":{"line":653,"column":8},"end":{"line":655,"column":null}},"283":{"start":{"line":654,"column":10},"end":{"line":654,"column":null}},"284":{"start":{"line":660,"column":42},"end":{"line":660,"column":null}},"285":{"start":{"line":661,"column":8},"end":{"line":674,"column":null}},"286":{"start":{"line":662,"column":10},"end":{"line":662,"column":null}},"287":{"start":{"line":666,"column":10},"end":{"line":673,"column":null}},"288":{"start":{"line":679,"column":31},"end":{"line":679,"column":null}},"289":{"start":{"line":680,"column":4},"end":{"line":685,"column":null}},"290":{"start":{"line":681,"column":6},"end":{"line":684,"column":null}},"291":{"start":{"line":682,"column":8},"end":{"line":682,"column":null}},"292":{"start":{"line":683,"column":8},"end":{"line":683,"column":null}},"293":{"start":{"line":690,"column":2},"end":{"line":766,"column":null}},"294":{"start":{"line":695,"column":24},"end":{"line":695,"column":null}},"295":{"start":{"line":697,"column":20},"end":{"line":759,"column":null}},"296":{"start":{"line":698,"column":18},"end":{"line":698,"column":null}},"297":{"start":{"line":699,"column":17},"end":{"line":699,"column":null}},"298":{"start":{"line":700,"column":6},"end":{"line":700,"column":null}},"299":{"start":{"line":703,"column":6},"end":{"line":706,"column":null}},"300":{"start":{"line":704,"column":8},"end":{"line":704,"column":null}},"301":{"start":{"line":705,"column":8},"end":{"line":705,"column":null}},"302":{"start":{"line":708,"column":6},"end":{"line":756,"column":null}},"303":{"start":{"line":709,"column":26},"end":{"line":709,"column":null}},"304":{"start":{"line":710,"column":24},"end":{"line":710,"column":null}},"305":{"start":{"line":711,"column":27},"end":{"line":711,"column":null}},"306":{"start":{"line":713,"column":8},"end":{"line":713,"column":null}},"307":{"start":{"line":713,"column":51},"end":{"line":713,"column":null}},"308":{"start":{"line":714,"column":8},"end":{"line":714,"column":null}},"309":{"start":{"line":714,"column":73},"end":{"line":714,"column":null}},"310":{"start":{"line":716,"column":30},"end":{"line":716,"column":null}},"311":{"start":{"line":726,"column":37},"end":{"line":726,"column":null}},"312":{"start":{"line":727,"column":28},"end":{"line":727,"column":null}},"313":{"start":{"line":730,"column":25},"end":{"line":730,"column":null}},"314":{"start":{"line":733,"column":31},"end":{"line":733,"column":null}},"315":{"start":{"line":736,"column":31},"end":{"line":736,"column":null}},"316":{"start":{"line":739,"column":8},"end":{"line":739,"column":null}},"317":{"start":{"line":739,"column":34},"end":{"line":739,"column":null}},"318":{"start":{"line":742,"column":29},"end":{"line":747,"column":null}},"319":{"start":{"line":750,"column":8},"end":{"line":750,"column":null}},"320":{"start":{"line":751,"column":8},"end":{"line":751,"column":null}},"321":{"start":{"line":752,"column":8},"end":{"line":752,"column":null}},"322":{"start":{"line":755,"column":8},"end":{"line":755,"column":null}},"323":{"start":{"line":758,"column":6},"end":{"line":758,"column":null}},"324":{"start":{"line":761,"column":4},"end":{"line":761,"column":null}},"325":{"start":{"line":763,"column":4},"end":{"line":765,"column":null}},"326":{"start":{"line":764,"column":6},"end":{"line":764,"column":null}},"327":{"start":{"line":764,"column":36},"end":{"line":764,"column":null}},"328":{"start":{"line":770,"column":2},"end":{"line":776,"column":null}}},"fnMap":{"0":{"name":"removeDuplicateConsecutivePoints","decl":{"start":{"line":21,"column":9},"end":{"line":21,"column":42}},"loc":{"start":{"line":21,"column":89},"end":{"line":29,"column":null}},"line":21},"1":{"name":"(anonymous_1)","decl":{"start":{"line":24,"column":22},"end":{"line":24,"column":23}},"loc":{"start":{"line":24,"column":40},"end":{"line":28,"column":3}},"line":24},"2":{"name":"generateRoutePolylines","decl":{"start":{"line":31,"column":15},"end":{"line":31,"column":38}},"loc":{"start":{"line":31,"column":74},"end":{"line":121,"column":null}},"line":31},"3":{"name":"(anonymous_3)","decl":{"start":{"line":40,"column":66},"end":{"line":40,"column":72}},"loc":{"start":{"line":40,"column":72},"end":{"line":40,"column":74}},"line":40},"4":{"name":"(anonymous_4)","decl":{"start":{"line":55,"column":40},"end":{"line":55,"column":41}},"loc":{"start":{"line":55,"column":53},"end":{"line":76,"column":7}},"line":55},"5":{"name":"(anonymous_5)","decl":{"start":{"line":61,"column":10},"end":{"line":61,"column":11}},"loc":{"start":{"line":61,"column":27},"end":{"line":74,"column":null}},"line":61},"6":{"name":"(anonymous_6)","decl":{"start":{"line":68,"column":64},"end":{"line":68,"column":70}},"loc":{"start":{"line":68,"column":70},"end":{"line":68,"column":97}},"line":68},"7":{"name":"downloadJSON","decl":{"start":{"line":104,"column":11},"end":{"line":104,"column":24}},"loc":{"start":{"line":104,"column":77},"end":{"line":117,"column":null}},"line":104},"8":{"name":"(anonymous_8)","decl":{"start":{"line":113,"column":15},"end":{"line":113,"column":21}},"loc":{"start":{"line":113,"column":21},"end":{"line":116,"column":7}},"line":113},"9":{"name":"MapKitMap","decl":{"start":{"line":134,"column":24},"end":{"line":134,"column":34}},"loc":{"start":{"line":134,"column":168},"end":{"line":778,"column":1}},"line":134},"10":{"name":"(anonymous_10)","decl":{"start":{"line":159,"column":24},"end":{"line":159,"column":36}},"loc":{"start":{"line":159,"column":36},"end":{"line":164,"column":null}},"line":159},"11":{"name":"(anonymous_11)","decl":{"start":{"line":161,"column":24},"end":{"line":161,"column":35}},"loc":{"start":{"line":161,"column":35},"end":{"line":161,"column":79}},"line":161},"12":{"name":"(anonymous_12)","decl":{"start":{"line":161,"column":57},"end":{"line":161,"column":63}},"loc":{"start":{"line":161,"column":63},"end":{"line":161,"column":78}},"line":161},"13":{"name":"(anonymous_13)","decl":{"start":{"line":166,"column":12},"end":{"line":166,"column":18}},"loc":{"start":{"line":166,"column":18},"end":{"line":179,"column":5}},"line":166},"14":{"name":"(anonymous_14)","decl":{"start":{"line":168,"column":25},"end":{"line":168,"column":37}},"loc":{"start":{"line":168,"column":37},"end":{"line":177,"column":null}},"line":168},"15":{"name":"(anonymous_15)","decl":{"start":{"line":172,"column":31},"end":{"line":172,"column":32}},"loc":{"start":{"line":172,"column":41},"end":{"line":174,"column":null}},"line":172},"16":{"name":"(anonymous_16)","decl":{"start":{"line":182,"column":12},"end":{"line":182,"column":18}},"loc":{"start":{"line":182,"column":18},"end":{"line":228,"column":5}},"line":182},"17":{"name":"(anonymous_17)","decl":{"start":{"line":188,"column":25},"end":{"line":188,"column":37}},"loc":{"start":{"line":188,"column":37},"end":{"line":217,"column":null}},"line":188},"18":{"name":"(anonymous_18)","decl":{"start":{"line":221,"column":11},"end":{"line":221,"column":17}},"loc":{"start":{"line":221,"column":17},"end":{"line":226,"column":null}},"line":221},"19":{"name":"(anonymous_19)","decl":{"start":{"line":231,"column":12},"end":{"line":231,"column":18}},"loc":{"start":{"line":231,"column":18},"end":{"line":388,"column":5}},"line":231},"20":{"name":"(anonymous_20)","decl":{"start":{"line":266,"column":31},"end":{"line":266,"column":32}},"loc":{"start":{"line":266,"column":66},"end":{"line":278,"column":null}},"line":266},"21":{"name":"(anonymous_21)","decl":{"start":{"line":280,"column":41},"end":{"line":280,"column":42}},"loc":{"start":{"line":280,"column":48},"end":{"line":297,"column":7}},"line":280},"22":{"name":"(anonymous_22)","decl":{"start":{"line":298,"column":43},"end":{"line":298,"column":49}},"loc":{"start":{"line":298,"column":49},"end":{"line":304,"column":7}},"line":298},"23":{"name":"(anonymous_23)","decl":{"start":{"line":306,"column":54},"end":{"line":306,"column":60}},"loc":{"start":{"line":306,"column":60},"end":{"line":308,"column":7}},"line":306},"24":{"name":"(anonymous_24)","decl":{"start":{"line":310,"column":52},"end":{"line":310,"column":58}},"loc":{"start":{"line":310,"column":58},"end":{"line":312,"column":7}},"line":310},"25":{"name":"(anonymous_25)","decl":{"start":{"line":316,"column":52},"end":{"line":316,"column":53}},"loc":{"start":{"line":316,"column":59},"end":{"line":372,"column":7}},"line":316},"26":{"name":"(anonymous_26)","decl":{"start":{"line":375,"column":30},"end":{"line":375,"column":36}},"loc":{"start":{"line":375,"column":36},"end":{"line":377,"column":null}},"line":375},"27":{"name":"(anonymous_27)","decl":{"start":{"line":383,"column":11},"end":{"line":383,"column":17}},"loc":{"start":{"line":383,"column":17},"end":{"line":387,"column":null}},"line":383},"28":{"name":"(anonymous_28)","decl":{"start":{"line":392,"column":12},"end":{"line":392,"column":18}},"loc":{"start":{"line":392,"column":18},"end":{"line":461,"column":5}},"line":392},"29":{"name":"displayRouteOverlays","decl":{"start":{"line":425,"column":13},"end":{"line":425,"column":34}},"loc":{"start":{"line":425,"column":63},"end":{"line":446,"column":null}},"line":425},"30":{"name":"(anonymous_30)","decl":{"start":{"line":431,"column":10},"end":{"line":431,"column":11}},"loc":{"start":{"line":431,"column":21},"end":{"line":442,"column":null}},"line":431},"31":{"name":"(anonymous_31)","decl":{"start":{"line":432,"column":37},"end":{"line":432,"column":38}},"loc":{"start":{"line":432,"column":53},"end":{"line":432,"column":84}},"line":432},"32":{"name":"(anonymous_32)","decl":{"start":{"line":443,"column":17},"end":{"line":443,"column":22}},"loc":{"start":{"line":443,"column":22},"end":{"line":443,"column":32}},"line":443},"33":{"name":"(anonymous_33)","decl":{"start":{"line":451,"column":49},"end":{"line":451,"column":50}},"loc":{"start":{"line":451,"column":71},"end":{"line":454,"column":7}},"line":451},"34":{"name":"(anonymous_34)","decl":{"start":{"line":464,"column":34},"end":{"line":464,"column":40}},"loc":{"start":{"line":464,"column":40},"end":{"line":481,"column":5}},"line":464},"35":{"name":"(anonymous_35)","decl":{"start":{"line":472,"column":28},"end":{"line":472,"column":39}},"loc":{"start":{"line":472,"column":39},"end":{"line":476,"column":9}},"line":472},"36":{"name":"(anonymous_36)","decl":{"start":{"line":473,"column":26},"end":{"line":473,"column":32}},"loc":{"start":{"line":473,"column":32},"end":{"line":475,"column":11}},"line":473},"37":{"name":"(anonymous_37)","decl":{"start":{"line":484,"column":12},"end":{"line":484,"column":18}},"loc":{"start":{"line":484,"column":18},"end":{"line":686,"column":5}},"line":484},"38":{"name":"(anonymous_38)","decl":{"start":{"line":487,"column":34},"end":{"line":487,"column":35}},"loc":{"start":{"line":487,"column":43},"end":{"line":551,"column":5}},"line":487},"39":{"name":"(anonymous_39)","decl":{"start":{"line":494,"column":26},"end":{"line":494,"column":32}},"loc":{"start":{"line":494,"column":32},"end":{"line":502,"column":9}},"line":494},"40":{"name":"(anonymous_40)","decl":{"start":{"line":555,"column":34},"end":{"line":555,"column":35}},"loc":{"start":{"line":555,"column":43},"end":{"line":676,"column":5}},"line":555},"41":{"name":"(anonymous_41)","decl":{"start":{"line":576,"column":29},"end":{"line":576,"column":35}},"loc":{"start":{"line":576,"column":35},"end":{"line":586,"column":null}},"line":576},"42":{"name":"(anonymous_42)","decl":{"start":{"line":680,"column":49},"end":{"line":680,"column":50}},"loc":{"start":{"line":680,"column":58},"end":{"line":685,"column":5}},"line":680},"43":{"name":"(anonymous_43)","decl":{"start":{"line":690,"column":12},"end":{"line":690,"column":18}},"loc":{"start":{"line":690,"column":18},"end":{"line":766,"column":5}},"line":690},"44":{"name":"(anonymous_44)","decl":{"start":{"line":697,"column":20},"end":{"line":697,"column":26}},"loc":{"start":{"line":697,"column":26},"end":{"line":759,"column":null}},"line":697},"45":{"name":"(anonymous_45)","decl":{"start":{"line":708,"column":58},"end":{"line":708,"column":65}},"loc":{"start":{"line":708,"column":65},"end":{"line":756,"column":7}},"line":708},"46":{"name":"(anonymous_46)","decl":{"start":{"line":763,"column":11},"end":{"line":763,"column":17}},"loc":{"start":{"line":763,"column":17},"end":{"line":765,"column":null}},"line":763}},"branchMap":{"0":{"loc":{"start":{"line":22,"column":2},"end":{"line":22,"column":null}},"type":"if","locations":[{"start":{"line":22,"column":2},"end":{"line":22,"column":null}},{"start":{},"end":{}}],"line":22},"1":{"loc":{"start":{"line":25,"column":4},"end":{"line":25,"column":null}},"type":"if","locations":[{"start":{"line":25,"column":4},"end":{"line":25,"column":null}},{"start":{},"end":{}}],"line":25},"2":{"loc":{"start":{"line":27,"column":11},"end":{"line":27,"column":null}},"type":"binary-expr","locations":[{"start":{"line":27,"column":11},"end":{"line":27,"column":40}},{"start":{"line":27,"column":40},"end":{"line":27,"column":null}}],"line":27},"3":{"loc":{"start":{"line":36,"column":22},"end":{"line":36,"column":null}},"type":"binary-expr","locations":[{"start":{"line":36,"column":22},"end":{"line":36,"column":50}},{"start":{"line":36,"column":50},"end":{"line":36,"column":null}}],"line":36},"4":{"loc":{"start":{"line":37,"column":22},"end":{"line":37,"column":null}},"type":"binary-expr","locations":[{"start":{"line":37,"column":22},"end":{"line":37,"column":41}},{"start":{"line":37,"column":41},"end":{"line":37,"column":null}}],"line":37},"5":{"loc":{"start":{"line":52,"column":6},"end":{"line":52,"column":null}},"type":"if","locations":[{"start":{"line":52,"column":6},"end":{"line":52,"column":null}},{"start":{},"end":{}}],"line":52},"6":{"loc":{"start":{"line":52,"column":10},"end":{"line":52,"column":40}},"type":"binary-expr","locations":[{"start":{"line":52,"column":10},"end":{"line":52,"column":27}},{"start":{"line":52,"column":27},"end":{"line":52,"column":40}}],"line":52},"7":{"loc":{"start":{"line":62,"column":12},"end":{"line":66,"column":null}},"type":"if","locations":[{"start":{"line":62,"column":12},"end":{"line":66,"column":null}},{"start":{},"end":{}}],"line":62},"8":{"loc":{"start":{"line":79,"column":6},"end":{"line":87,"column":null}},"type":"if","locations":[{"start":{"line":79,"column":6},"end":{"line":87,"column":null}},{"start":{},"end":{}}],"line":79},"9":{"loc":{"start":{"line":80,"column":8},"end":{"line":86,"column":null}},"type":"if","locations":[{"start":{"line":80,"column":8},"end":{"line":86,"column":null}},{"start":{"line":83,"column":15},"end":{"line":86,"column":null}}],"line":80},"10":{"loc":{"start":{"line":90,"column":6},"end":{"line":92,"column":null}},"type":"if","locations":[{"start":{"line":90,"column":6},"end":{"line":92,"column":null}},{"start":{},"end":{}}],"line":90},"11":{"loc":{"start":{"line":98,"column":4},"end":{"line":100,"column":null}},"type":"if","locations":[{"start":{"line":98,"column":4},"end":{"line":100,"column":null}},{"start":{},"end":{}}],"line":98},"12":{"loc":{"start":{"line":104,"column":48},"end":{"line":104,"column":77}},"type":"default-arg","locations":[{"start":{"line":104,"column":59},"end":{"line":104,"column":77}}],"line":104},"13":{"loc":{"start":{"line":134,"column":47},"end":{"line":134,"column":71}},"type":"default-arg","locations":[{"start":{"line":134,"column":65},"end":{"line":134,"column":71}}],"line":134},"14":{"loc":{"start":{"line":134,"column":71},"end":{"line":134,"column":95}},"type":"default-arg","locations":[{"start":{"line":134,"column":88},"end":{"line":134,"column":95}}],"line":134},"15":{"loc":{"start":{"line":134,"column":128},"end":{"line":134,"column":149}},"type":"default-arg","locations":[{"start":{"line":134,"column":143},"end":{"line":134,"column":149}}],"line":134},"16":{"loc":{"start":{"line":160,"column":4},"end":{"line":163,"column":null}},"type":"if","locations":[{"start":{"line":160,"column":4},"end":{"line":163,"column":null}},{"start":{},"end":{}}],"line":160},"17":{"loc":{"start":{"line":160,"column":8},"end":{"line":160,"column":70}},"type":"binary-expr","locations":[{"start":{"line":160,"column":8},"end":{"line":160,"column":26}},{"start":{"line":160,"column":26},"end":{"line":160,"column":70}}],"line":160},"18":{"loc":{"start":{"line":183,"column":4},"end":{"line":183,"column":null}},"type":"if","locations":[{"start":{"line":183,"column":4},"end":{"line":183,"column":null}},{"start":{},"end":{}}],"line":183},"19":{"loc":{"start":{"line":191,"column":8},"end":{"line":193,"column":null}},"type":"if","locations":[{"start":{"line":191,"column":8},"end":{"line":193,"column":null}},{"start":{},"end":{}}],"line":191},"20":{"loc":{"start":{"line":199,"column":19},"end":{"line":199,"column":67}},"type":"cond-expr","locations":[{"start":{"line":199,"column":35},"end":{"line":199,"column":63}},{"start":{"line":199,"column":63},"end":{"line":199,"column":67}}],"line":199},"21":{"loc":{"start":{"line":204,"column":31},"end":{"line":204,"column":null}},"type":"cond-expr","locations":[{"start":{"line":204,"column":47},"end":{"line":204,"column":75}},{"start":{"line":204,"column":75},"end":{"line":204,"column":null}}],"line":204},"22":{"loc":{"start":{"line":207,"column":8},"end":{"line":209,"column":null}},"type":"if","locations":[{"start":{"line":207,"column":8},"end":{"line":209,"column":null}},{"start":{},"end":{}}],"line":207},"23":{"loc":{"start":{"line":213,"column":8},"end":{"line":215,"column":null}},"type":"if","locations":[{"start":{"line":213,"column":8},"end":{"line":215,"column":null}},{"start":{},"end":{}}],"line":213},"24":{"loc":{"start":{"line":223,"column":6},"end":{"line":225,"column":null}},"type":"if","locations":[{"start":{"line":223,"column":6},"end":{"line":225,"column":null}},{"start":{},"end":{}}],"line":223},"25":{"loc":{"start":{"line":232,"column":4},"end":{"line":380,"column":null}},"type":"if","locations":[{"start":{"line":232,"column":4},"end":{"line":380,"column":null}},{"start":{},"end":{}}],"line":232},"26":{"loc":{"start":{"line":267,"column":8},"end":{"line":270,"column":null}},"type":"if","locations":[{"start":{"line":267,"column":8},"end":{"line":270,"column":null}},{"start":{},"end":{}}],"line":267},"27":{"loc":{"start":{"line":281,"column":8},"end":{"line":281,"column":null}},"type":"if","locations":[{"start":{"line":281,"column":8},"end":{"line":281,"column":null}},{"start":{},"end":{}}],"line":281},"28":{"loc":{"start":{"line":282,"column":8},"end":{"line":282,"column":null}},"type":"if","locations":[{"start":{"line":282,"column":8},"end":{"line":282,"column":null}},{"start":{},"end":{}}],"line":282},"29":{"loc":{"start":{"line":287,"column":8},"end":{"line":296,"column":null}},"type":"if","locations":[{"start":{"line":287,"column":8},"end":{"line":296,"column":null}},{"start":{},"end":{}}],"line":287},"30":{"loc":{"start":{"line":291,"column":10},"end":{"line":295,"column":null}},"type":"if","locations":[{"start":{"line":291,"column":10},"end":{"line":295,"column":null}},{"start":{},"end":{}}],"line":291},"31":{"loc":{"start":{"line":294,"column":12},"end":{"line":294,"column":null}},"type":"if","locations":[{"start":{"line":294,"column":12},"end":{"line":294,"column":null}},{"start":{},"end":{}}],"line":294},"32":{"loc":{"start":{"line":294,"column":16},"end":{"line":294,"column":46}},"type":"binary-expr","locations":[{"start":{"line":294,"column":16},"end":{"line":294,"column":36}},{"start":{"line":294,"column":36},"end":{"line":294,"column":46}}],"line":294},"33":{"loc":{"start":{"line":300,"column":8},"end":{"line":303,"column":null}},"type":"if","locations":[{"start":{"line":300,"column":8},"end":{"line":303,"column":null}},{"start":{},"end":{}}],"line":300},"34":{"loc":{"start":{"line":325,"column":10},"end":{"line":325,"column":null}},"type":"if","locations":[{"start":{"line":325,"column":10},"end":{"line":325,"column":null}},{"start":{},"end":{}}],"line":325},"35":{"loc":{"start":{"line":326,"column":10},"end":{"line":343,"column":null}},"type":"if","locations":[{"start":{"line":326,"column":10},"end":{"line":343,"column":null}},{"start":{},"end":{}}],"line":326},"36":{"loc":{"start":{"line":334,"column":12},"end":{"line":342,"column":null}},"type":"if","locations":[{"start":{"line":334,"column":12},"end":{"line":342,"column":null}},{"start":{},"end":{}}],"line":334},"37":{"loc":{"start":{"line":339,"column":14},"end":{"line":341,"column":null}},"type":"if","locations":[{"start":{"line":339,"column":14},"end":{"line":341,"column":null}},{"start":{},"end":{}}],"line":339},"38":{"loc":{"start":{"line":346,"column":8},"end":{"line":371,"column":null}},"type":"if","locations":[{"start":{"line":346,"column":8},"end":{"line":371,"column":null}},{"start":{},"end":{}}],"line":346},"39":{"loc":{"start":{"line":348,"column":10},"end":{"line":355,"column":null}},"type":"if","locations":[{"start":{"line":348,"column":10},"end":{"line":355,"column":null}},{"start":{},"end":{}}],"line":348},"40":{"loc":{"start":{"line":358,"column":10},"end":{"line":368,"column":null}},"type":"if","locations":[{"start":{"line":358,"column":10},"end":{"line":368,"column":null}},{"start":{"line":366,"column":17},"end":{"line":368,"column":null}}],"line":358},"41":{"loc":{"start":{"line":384,"column":6},"end":{"line":386,"column":null}},"type":"if","locations":[{"start":{"line":384,"column":6},"end":{"line":386,"column":null}},{"start":{},"end":{}}],"line":384},"42":{"loc":{"start":{"line":384,"column":10},"end":{"line":384,"column":36}},"type":"binary-expr","locations":[{"start":{"line":384,"column":10},"end":{"line":384,"column":17}},{"start":{"line":384,"column":17},"end":{"line":384,"column":36}}],"line":384},"43":{"loc":{"start":{"line":393,"column":4},"end":{"line":393,"column":null}},"type":"if","locations":[{"start":{"line":393,"column":4},"end":{"line":393,"column":null}},{"start":{},"end":{}}],"line":393},"44":{"loc":{"start":{"line":393,"column":8},"end":{"line":393,"column":28}},"type":"binary-expr","locations":[{"start":{"line":393,"column":8},"end":{"line":393,"column":16}},{"start":{"line":393,"column":16},"end":{"line":393,"column":28}}],"line":393},"45":{"loc":{"start":{"line":433,"column":12},"end":{"line":433,"column":null}},"type":"if","locations":[{"start":{"line":433,"column":12},"end":{"line":433,"column":null}},{"start":{},"end":{}}],"line":433},"46":{"loc":{"start":{"line":448,"column":4},"end":{"line":459,"column":null}},"type":"if","locations":[{"start":{"line":448,"column":4},"end":{"line":459,"column":null}},{"start":{"line":455,"column":11},"end":{"line":459,"column":null}}],"line":448},"47":{"loc":{"start":{"line":465,"column":4},"end":{"line":465,"column":null}},"type":"if","locations":[{"start":{"line":465,"column":4},"end":{"line":465,"column":null}},{"start":{},"end":{}}],"line":465},"48":{"loc":{"start":{"line":469,"column":6},"end":{"line":478,"column":null}},"type":"if","locations":[{"start":{"line":469,"column":6},"end":{"line":478,"column":null}},{"start":{},"end":{}}],"line":469},"49":{"loc":{"start":{"line":485,"column":4},"end":{"line":485,"column":null}},"type":"if","locations":[{"start":{"line":485,"column":4},"end":{"line":485,"column":null}},{"start":{},"end":{}}],"line":485},"50":{"loc":{"start":{"line":485,"column":8},"end":{"line":485,"column":27}},"type":"binary-expr","locations":[{"start":{"line":485,"column":8},"end":{"line":485,"column":16}},{"start":{"line":485,"column":16},"end":{"line":485,"column":27}}],"line":485},"51":{"loc":{"start":{"line":495,"column":8},"end":{"line":497,"column":null}},"type":"if","locations":[{"start":{"line":495,"column":8},"end":{"line":497,"column":null}},{"start":{},"end":{}}],"line":495},"52":{"loc":{"start":{"line":495,"column":12},"end":{"line":495,"column":83}},"type":"binary-expr","locations":[{"start":{"line":495,"column":12},"end":{"line":495,"column":26}},{"start":{"line":495,"column":26},"end":{"line":495,"column":49}},{"start":{"line":495,"column":49},"end":{"line":495,"column":83}}],"line":495},"53":{"loc":{"start":{"line":500,"column":15},"end":{"line":500,"column":null}},"type":"binary-expr","locations":[{"start":{"line":500,"column":15},"end":{"line":500,"column":29}},{"start":{"line":500,"column":29},"end":{"line":500,"column":null}}],"line":500},"54":{"loc":{"start":{"line":509,"column":6},"end":{"line":550,"column":null}},"type":"if","locations":[{"start":{"line":509,"column":6},"end":{"line":550,"column":null}},{"start":{"line":529,"column":13},"end":{"line":550,"column":null}}],"line":509},"55":{"loc":{"start":{"line":512,"column":8},"end":{"line":514,"column":null}},"type":"if","locations":[{"start":{"line":512,"column":8},"end":{"line":514,"column":null}},{"start":{},"end":{}}],"line":512},"56":{"loc":{"start":{"line":519,"column":8},"end":{"line":528,"column":null}},"type":"if","locations":[{"start":{"line":519,"column":8},"end":{"line":528,"column":null}},{"start":{"line":525,"column":8},"end":{"line":528,"column":null}}],"line":519},"57":{"loc":{"start":{"line":521,"column":10},"end":{"line":524,"column":null}},"type":"if","locations":[{"start":{"line":521,"column":10},"end":{"line":524,"column":null}},{"start":{},"end":{}}],"line":521},"58":{"loc":{"start":{"line":525,"column":8},"end":{"line":528,"column":null}},"type":"if","locations":[{"start":{"line":525,"column":8},"end":{"line":528,"column":null}},{"start":{},"end":{}}],"line":525},"59":{"loc":{"start":{"line":525,"column":19},"end":{"line":525,"column":110}},"type":"binary-expr","locations":[{"start":{"line":525,"column":19},"end":{"line":525,"column":55}},{"start":{"line":525,"column":55},"end":{"line":525,"column":110}}],"line":525},"60":{"loc":{"start":{"line":543,"column":8},"end":{"line":545,"column":null}},"type":"if","locations":[{"start":{"line":543,"column":8},"end":{"line":545,"column":null}},{"start":{},"end":{}}],"line":543},"61":{"loc":{"start":{"line":543,"column":12},"end":{"line":543,"column":77}},"type":"binary-expr","locations":[{"start":{"line":543,"column":12},"end":{"line":543,"column":48}},{"start":{"line":543,"column":48},"end":{"line":543,"column":77}}],"line":543},"62":{"loc":{"start":{"line":560,"column":6},"end":{"line":560,"column":null}},"type":"if","locations":[{"start":{"line":560,"column":6},"end":{"line":560,"column":null}},{"start":{},"end":{}}],"line":560},"63":{"loc":{"start":{"line":560,"column":10},"end":{"line":560,"column":71}},"type":"binary-expr","locations":[{"start":{"line":560,"column":10},"end":{"line":560,"column":33}},{"start":{"line":560,"column":33},"end":{"line":560,"column":71}}],"line":560},"64":{"loc":{"start":{"line":572,"column":6},"end":{"line":574,"column":null}},"type":"if","locations":[{"start":{"line":572,"column":6},"end":{"line":574,"column":null}},{"start":{},"end":{}}],"line":572},"65":{"loc":{"start":{"line":572,"column":10},"end":{"line":572,"column":64}},"type":"binary-expr","locations":[{"start":{"line":572,"column":10},"end":{"line":572,"column":23}},{"start":{"line":572,"column":23},"end":{"line":572,"column":64}}],"line":572},"66":{"loc":{"start":{"line":588,"column":6},"end":{"line":675,"column":null}},"type":"if","locations":[{"start":{"line":588,"column":6},"end":{"line":675,"column":null}},{"start":{"line":590,"column":13},"end":{"line":675,"column":null}}],"line":588},"67":{"loc":{"start":{"line":629,"column":8},"end":{"line":638,"column":null}},"type":"if","locations":[{"start":{"line":629,"column":8},"end":{"line":638,"column":null}},{"start":{},"end":{}}],"line":629},"68":{"loc":{"start":{"line":629,"column":12},"end":{"line":629,"column":77}},"type":"binary-expr","locations":[{"start":{"line":629,"column":12},"end":{"line":629,"column":54}},{"start":{"line":629,"column":54},"end":{"line":629,"column":77}}],"line":629},"69":{"loc":{"start":{"line":635,"column":10},"end":{"line":637,"column":null}},"type":"if","locations":[{"start":{"line":635,"column":10},"end":{"line":637,"column":null}},{"start":{},"end":{}}],"line":635},"70":{"loc":{"start":{"line":653,"column":8},"end":{"line":655,"column":null}},"type":"if","locations":[{"start":{"line":653,"column":8},"end":{"line":655,"column":null}},{"start":{},"end":{}}],"line":653},"71":{"loc":{"start":{"line":661,"column":8},"end":{"line":674,"column":null}},"type":"if","locations":[{"start":{"line":661,"column":8},"end":{"line":674,"column":null}},{"start":{"line":663,"column":15},"end":{"line":674,"column":null}}],"line":661},"72":{"loc":{"start":{"line":681,"column":6},"end":{"line":684,"column":null}},"type":"if","locations":[{"start":{"line":681,"column":6},"end":{"line":684,"column":null}},{"start":{},"end":{}}],"line":681},"73":{"loc":{"start":{"line":703,"column":6},"end":{"line":706,"column":null}},"type":"if","locations":[{"start":{"line":703,"column":6},"end":{"line":706,"column":null}},{"start":{},"end":{}}],"line":703},"74":{"loc":{"start":{"line":713,"column":8},"end":{"line":713,"column":null}},"type":"if","locations":[{"start":{"line":713,"column":8},"end":{"line":713,"column":null}},{"start":{},"end":{}}],"line":713},"75":{"loc":{"start":{"line":713,"column":12},"end":{"line":713,"column":51}},"type":"binary-expr","locations":[{"start":{"line":713,"column":12},"end":{"line":713,"column":24}},{"start":{"line":713,"column":24},"end":{"line":713,"column":39}},{"start":{"line":713,"column":39},"end":{"line":713,"column":51}}],"line":713},"76":{"loc":{"start":{"line":714,"column":8},"end":{"line":714,"column":null}},"type":"if","locations":[{"start":{"line":714,"column":8},"end":{"line":714,"column":null}},{"start":{},"end":{}}],"line":714},"77":{"loc":{"start":{"line":714,"column":12},"end":{"line":714,"column":73}},"type":"binary-expr","locations":[{"start":{"line":714,"column":12},"end":{"line":714,"column":35}},{"start":{"line":714,"column":35},"end":{"line":714,"column":73}}],"line":714},"78":{"loc":{"start":{"line":739,"column":8},"end":{"line":739,"column":null}},"type":"if","locations":[{"start":{"line":739,"column":8},"end":{"line":739,"column":null}},{"start":{},"end":{}}],"line":739},"79":{"loc":{"start":{"line":764,"column":6},"end":{"line":764,"column":null}},"type":"if","locations":[{"start":{"line":764,"column":6},"end":{"line":764,"column":null}},{"start":{},"end":{}}],"line":764},"80":{"loc":{"start":{"line":772,"column":17},"end":{"line":772,"column":null}},"type":"cond-expr","locations":[{"start":{"line":772,"column":32},"end":{"line":772,"column":51}},{"start":{"line":772,"column":51},"end":{"line":772,"column":null}}],"line":772},"81":{"loc":{"start":{"line":775,"column":7},"end":{"line":775,"column":null}},"type":"binary-expr","locations":[{"start":{"line":775,"column":7},"end":{"line":775,"column":26}},{"start":{"line":775,"column":26},"end":{"line":775,"column":null}}],"line":775}},"s":{"0":0,"1":0,"2":0,"3":0,"4":0,"5":0,"6":0,"7":0,"8":0,"9":0,"10":0,"11":0,"12":0,"13":0,"14":0,"15":0,"16":0,"17":0,"18":0,"19":0,"20":0,"21":0,"22":0,"23":0,"24":0,"25":0,"26":0,"27":0,"28":0,"29":0,"30":0,"31":0,"32":0,"33":0,"34":0,"35":0,"36":0,"37":0,"38":0,"39":0,"40":0,"41":0,"42":0,"43":0,"44":0,"45":0,"46":0,"47":0,"48":0,"49":0,"50":0,"51":0,"52":0,"53":0,"54":0,"55":0,"56":10,"57":10,"58":10,"59":10,"60":10,"61":10,"62":10,"63":10,"64":10,"65":10,"66":10,"67":10,"68":10,"69":4,"70":1,"71":1,"72":0,"73":0,"74":10,"75":4,"76":4,"77":3,"78":0,"79":3,"80":4,"81":10,"82":4,"83":0,"84":4,"85":4,"86":4,"87":4,"88":4,"89":3,"90":0,"91":3,"92":3,"93":3,"94":3,"95":4,"96":4,"97":4,"98":0,"99":4,"100":4,"101":4,"102":4,"103":4,"104":4,"105":4,"106":4,"107":10,"108":6,"109":2,"110":2,"111":2,"112":2,"113":2,"114":2,"115":2,"116":2,"117":2,"118":0,"119":0,"120":0,"121":0,"122":0,"123":0,"124":0,"125":2,"126":0,"127":0,"128":0,"129":0,"130":0,"131":0,"132":0,"133":0,"134":0,"135":0,"136":0,"137":2,"138":0,"139":0,"140":0,"141":2,"142":0,"143":2,"144":0,"145":2,"146":2,"147":0,"148":0,"149":0,"150":0,"151":0,"152":0,"153":0,"154":0,"155":0,"156":0,"157":0,"158":0,"159":0,"160":0,"161":0,"162":0,"163":0,"164":0,"165":0,"166":0,"167":0,"168":0,"169":0,"170":0,"171":0,"172":0,"173":2,"174":2,"175":6,"176":6,"177":0,"178":10,"179":7,"180":5,"181":2,"182":2,"183":4,"184":4,"185":4,"186":4,"187":4,"188":4,"189":4,"190":2,"191":2,"192":2,"193":6,"194":2,"195":0,"196":2,"197":2,"198":2,"199":2,"200":2,"201":0,"202":0,"203":0,"204":0,"205":2,"206":2,"207":10,"208":5,"209":1,"210":4,"211":4,"212":5,"213":5,"214":5,"215":19,"216":316,"217":5,"218":4,"219":10,"220":9,"221":7,"222":2,"223":1,"224":1,"225":1,"226":1,"227":1,"228":0,"229":1,"230":1,"231":1,"232":1,"233":1,"234":1,"235":0,"236":0,"237":0,"238":0,"239":0,"240":0,"241":0,"242":0,"243":0,"244":0,"245":1,"246":1,"247":1,"248":1,"249":1,"250":1,"251":2,"252":2,"253":1,"254":1,"255":0,"256":1,"257":1,"258":1,"259":1,"260":1,"261":0,"262":1,"263":1,"264":1,"265":1,"266":1,"267":0,"268":0,"269":0,"270":0,"271":0,"272":0,"273":0,"274":0,"275":0,"276":0,"277":0,"278":0,"279":0,"280":0,"281":0,"282":0,"283":0,"284":0,"285":0,"286":0,"287":0,"288":2,"289":2,"290":1,"291":0,"292":0,"293":10,"294":6,"295":6,"296":2,"297":2,"298":2,"299":2,"300":0,"301":0,"302":2,"303":0,"304":0,"305":0,"306":0,"307":0,"308":0,"309":0,"310":0,"311":0,"312":0,"313":0,"314":0,"315":0,"316":0,"317":0,"318":0,"319":0,"320":0,"321":0,"322":0,"323":2,"324":6,"325":6,"326":6,"327":6,"328":10},"f":{"0":0,"1":0,"2":0,"3":0,"4":0,"5":0,"6":0,"7":0,"8":0,"9":10,"10":4,"11":1,"12":0,"13":4,"14":4,"15":0,"16":4,"17":4,"18":4,"19":6,"20":0,"21":0,"22":0,"23":0,"24":0,"25":0,"26":0,"27":6,"28":7,"29":2,"30":2,"31":6,"32":2,"33":0,"34":5,"35":19,"36":316,"37":9,"38":1,"39":1,"40":1,"41":1,"42":1,"43":6,"44":2,"45":0,"46":6},"b":{"0":[0,0],"1":[0,0],"2":[0,0],"3":[0,0],"4":[0,0],"5":[0,0],"6":[0,0],"7":[0,0],"8":[0,0],"9":[0,0],"10":[0,0],"11":[0,0],"12":[0],"13":[10],"14":[10],"15":[10],"16":[1,3],"17":[4,3],"18":[0,4],"19":[0,3],"20":[0,0],"21":[0,0],"22":[0,4],"23":[4,0],"24":[4,0],"25":[2,4],"26":[0,0],"27":[0,0],"28":[0,0],"29":[0,0],"30":[0,0],"31":[0,0],"32":[0,0],"33":[0,0],"34":[0,0],"35":[0,0],"36":[0,0],"37":[0,0],"38":[0,0],"39":[0,0],"40":[0,0],"41":[0,6],"42":[6,0],"43":[5,2],"44":[7,2],"45":[0,2],"46":[0,2],"47":[1,4],"48":[5,0],"49":[7,2],"50":[9,2],"51":[0,1],"52":[1,1,1],"53":[1,0],"54":[0,1],"55":[0,0],"56":[0,0],"57":[0,0],"58":[0,0],"59":[0,0],"60":[1,0],"61":[1,1],"62":[0,1],"63":[1,1],"64":[0,1],"65":[1,0],"66":[1,0],"67":[0,0],"68":[0,0],"69":[0,0],"70":[0,0],"71":[0,0],"72":[0,1],"73":[0,2],"74":[0,0],"75":[0,0,0],"76":[0,0],"77":[0,0],"78":[0,0],"79":[6,0],"80":[0,9],"81":[10,9]},"meta":{"lastBranch":82,"lastFunction":47,"lastStatement":329,"seen":{"f:21:9:21:42":0,"b:22:2:22:Infinity:undefined:undefined:undefined:undefined":0,"s:22:2:22:Infinity":0,"s:22:25:22:Infinity":1,"s:24:2:28:Infinity":2,"f:24:22:24:23":1,"b:25:4:25:Infinity:undefined:undefined:undefined:undefined":1,"s:25:4:25:Infinity":3,"s:25:21:25:Infinity":4,"s:26:22:26:Infinity":5,"s:27:4:27:Infinity":6,"b:27:11:27:40:27:40:27:Infinity":2,"f:31:15:31:38":2,"s:33:21:33:Infinity":7,"s:35:2:94:Infinity":8,"s:36:22:36:Infinity":9,"b:36:22:36:50:36:50:36:Infinity":3,"s:37:22:37:Infinity":10,"b:37:22:37:41:37:41:37:Infinity":4,"s:40:4:40:Infinity":11,"f:40:66:40:72":3,"s:40:72:40:74":12,"s:44:27:44:Infinity":13,"s:46:4:93:Infinity":14,"s:46:17:46:20":15,"s:48:25:48:Infinity":16,"s:49:23:49:Infinity":17,"s:50:28:50:Infinity":18,"s:51:26:51:Infinity":19,"b:52:6:52:Infinity:undefined:undefined:undefined:undefined":5,"s:52:6:52:Infinity":20,"b:52:10:52:27:52:27:52:40":6,"s:52:40:52:Infinity":21,"s:55:22:76:Infinity":22,"f:55:40:55:41":4,"s:56:8:75:Infinity":23,"f:61:10:61:11":5,"b:62:12:66:Infinity:undefined:undefined:undefined:undefined":7,"s:62:12:66:Infinity":24,"s:63:14:63:Infinity":25,"s:64:14:64:Infinity":26,"s:65:14:65:Infinity":27,"s:67:12:73:Infinity":28,"s:68:29:68:Infinity":29,"f:68:64:68:70":6,"s:68:70:68:97":30,"s:69:14:69:Infinity":31,"s:71:14:71:Infinity":32,"s:72:14:72:Infinity":33,"b:79:6:87:Infinity:undefined:undefined:undefined:undefined":8,"s:79:6:87:Infinity":34,"b:80:8:86:Infinity:83:15:86:Infinity":9,"s:80:8:86:Infinity":35,"s:82:10:82:Infinity":36,"s:85:10:85:Infinity":37,"b:90:6:92:Infinity:undefined:undefined:undefined:undefined":10,"s:90:6:92:Infinity":38,"s:91:8:91:Infinity":39,"s:97:2:101:Infinity":40,"b:98:4:100:Infinity:undefined:undefined:undefined:undefined":11,"s:98:4:100:Infinity":41,"s:99:6:99:Infinity":42,"f:104:11:104:24":7,"b:104:59:104:77":12,"s:105:20:105:Infinity":43,"s:106:17:106:Infinity":44,"s:107:16:107:Infinity":45,"s:108:14:108:Infinity":46,"s:109:4:109:Infinity":47,"s:110:4:110:Infinity":48,"s:111:4:111:Infinity":49,"s:112:4:112:Infinity":50,"s:113:4:116:Infinity":51,"f:113:15:113:21":8,"s:114:6:114:Infinity":52,"s:115:6:115:Infinity":53,"s:119:2:119:Infinity":54,"s:120:2:120:Infinity":55,"f:134:24:134:34":9,"b:134:65:134:71":13,"b:134:88:134:95":14,"b:134:143:134:149":15,"s:135:8:135:Infinity":56,"s:136:32:136:Infinity":57,"s:137:16:137:Infinity":58,"s:138:20:138:Infinity":59,"s:139:30:139:Infinity":60,"s:140:28:140:Infinity":61,"s:142:8:142:Infinity":62,"s:143:8:150:Infinity":63,"s:151:8:151:Infinity":64,"s:154:22:154:Infinity":65,"s:155:8:155:Infinity":66,"s:156:37:156:Infinity":67,"s:159:24:164:Infinity":68,"f:159:24:159:36":10,"b:160:4:163:Infinity:undefined:undefined:undefined:undefined":16,"s:160:4:163:Infinity":69,"b:160:8:160:26:160:26:160:70":17,"s:161:6:161:Infinity":70,"f:161:24:161:35":11,"s:161:37:161:78":71,"f:161:57:161:63":12,"s:161:63:161:78":72,"s:162:6:162:Infinity":73,"s:166:2:179:Infinity":74,"f:166:12:166:18":13,"s:168:25:177:Infinity":75,"f:168:25:168:37":14,"s:170:6:170:Infinity":76,"s:171:6:175:Infinity":77,"f:172:31:172:32":15,"s:173:10:173:Infinity":78,"s:176:6:176:Infinity":79,"s:178:4:178:Infinity":80,"s:182:2:228:Infinity":81,"f:182:12:182:18":16,"b:183:4:183:Infinity:undefined:undefined:undefined:undefined":18,"s:183:4:183:Infinity":82,"s:183:26:183:Infinity":83,"s:185:58:185:Infinity":84,"s:186:20:186:Infinity":85,"s:188:25:217:Infinity":86,"f:188:25:188:37":17,"s:189:6:216:Infinity":87,"s:190:25:190:Infinity":88,"b:191:8:193:Infinity:undefined:undefined:undefined:undefined":19,"s:191:8:193:Infinity":89,"s:192:10:192:Infinity":90,"s:194:21:194:Infinity":91,"s:195:8:195:Infinity":92,"s:198:30:198:Infinity":93,"s:199:8:199:Infinity":94,"b:199:35:199:63:199:63:199:67":20,"s:204:31:204:Infinity":95,"b:204:47:204:75:204:75:204:Infinity":21,"s:205:29:205:Infinity":96,"b:207:8:209:Infinity:undefined:undefined:undefined:undefined":22,"s:207:8:209:Infinity":97,"s:208:10:208:Infinity":98,"s:211:8:211:Infinity":99,"b:213:8:215:Infinity:undefined:undefined:undefined:undefined":23,"s:213:8:215:Infinity":100,"s:214:10:214:Infinity":101,"s:219:4:219:Infinity":102,"s:221:4:226:Infinity":103,"f:221:11:221:17":18,"s:222:6:222:Infinity":104,"b:223:6:225:Infinity:undefined:undefined:undefined:undefined":24,"s:223:6:225:Infinity":105,"s:224:8:224:Infinity":106,"s:231:2:388:Infinity":107,"f:231:12:231:18":19,"b:232:4:380:Infinity:undefined:undefined:undefined:undefined":25,"s:232:4:380:Infinity":108,"s:235:21:235:Infinity":109,"s:236:19:236:Infinity":110,"s:237:21:237:Infinity":111,"s:239:25:248:Infinity":112,"s:251:22:251:Infinity":113,"s:253:6:256:Infinity":114,"s:257:6:263:Infinity":115,"s:264:6:264:Infinity":116,"s:266:31:278:Infinity":117,"f:266:31:266:32":20,"b:267:8:270:Infinity:undefined:undefined:undefined:undefined":26,"s:267:8:270:Infinity":118,"s:268:10:268:Infinity":119,"s:269:10:269:Infinity":120,"s:271:23:274:Infinity":121,"s:275:8:275:Infinity":122,"s:276:8:276:Infinity":123,"s:277:8:277:Infinity":124,"s:280:6:297:Infinity":125,"f:280:41:280:42":21,"b:281:8:281:Infinity:undefined:undefined:undefined:undefined":27,"s:281:8:281:Infinity":126,"s:281:24:281:Infinity":127,"b:282:8:282:Infinity:undefined:undefined:undefined:undefined":28,"s:282:8:282:Infinity":128,"s:282:58:282:Infinity":129,"s:285:26:285:Infinity":130,"b:287:8:296:Infinity:undefined:undefined:undefined:undefined":29,"s:287:8:296:Infinity":131,"s:289:10:289:Infinity":132,"b:291:10:295:Infinity:undefined:undefined:undefined:undefined":30,"s:291:10:295:Infinity":133,"s:293:29:293:Infinity":134,"b:294:12:294:Infinity:undefined:undefined:undefined:undefined":31,"s:294:12:294:Infinity":135,"b:294:16:294:36:294:36:294:46":32,"s:294:46:294:Infinity":136,"s:298:6:304:Infinity":137,"f:298:43:298:49":22,"b:300:8:303:Infinity:undefined:undefined:undefined:undefined":33,"s:300:8:303:Infinity":138,"s:301:10:301:Infinity":139,"s:302:10:302:Infinity":140,"s:306:6:308:Infinity":141,"f:306:54:306:60":23,"s:307:9:307:Infinity":142,"s:310:6:312:Infinity":143,"f:310:52:310:58":24,"s:311:9:311:Infinity":144,"s:315:54:315:Infinity":145,"s:316:6:372:Infinity":146,"f:316:52:316:53":25,"s:317:21:317:Infinity":147,"s:318:19:318:Infinity":148,"s:319:19:319:Infinity":149,"s:321:56:321:Infinity":150,"s:324:8:344:Infinity":151,"b:325:10:325:Infinity:undefined:undefined:undefined:undefined":34,"s:325:10:325:Infinity":152,"s:325:58:325:Infinity":153,"b:326:10:343:Infinity:undefined:undefined:undefined:undefined":35,"s:326:10:343:Infinity":154,"s:328:28:328:Infinity":155,"s:329:30:329:Infinity":156,"s:330:30:330:Infinity":157,"s:333:27:333:Infinity":158,"b:334:12:342:Infinity:undefined:undefined:undefined:undefined":36,"s:334:12:342:Infinity":159,"s:335:30:335:Infinity":160,"s:336:30:336:Inf
[...]
lumn":15},"end":{"line":94,"column":null}},"26":{"start":{"line":97,"column":15},"end":{"line":97,"column":null}},"27":{"start":{"line":100,"column":4},"end":{"line":100,"column":null}},"28":{"start":{"line":100,"column":18},"end":{"line":100,"column":null}},"29":{"start":{"line":103,"column":10},"end":{"line":103,"column":null}},"30":{"start":{"line":104,"column":15},"end":{"line":104,"column":null}},"31":{"start":{"line":108,"column":8},"end":{"line":108,"column":null}},"32":{"start":{"line":111,"column":4},"end":{"line":111,"column":null}},"33":{"start":{"line":116,"column":4},"end":{"line":119,"column":null}},"34":{"start":{"line":139,"column":4},"end":{"line":141,"column":null}},"35":{"start":{"line":140,"column":8},"end":{"line":140,"column":null}},"36":{"start":{"line":144,"column":23},"end":{"line":144,"column":null}},"37":{"start":{"line":145,"column":23},"end":{"line":145,"column":null}},"38":{"start":{"line":146,"column":24},"end":{"line":146,"column":null}},"39":{"start":{"line":148,"column":4},"end":{"line":164,"column":null}},"40":{"start":{"line":149,"column":26},"end":{"line":149,"column":null}},"41":{"start":{"line":150,"column":28},"end":{"line":150,"column":null}},"42":{"start":{"line":152,"column":8},"end":{"line":163,"column":null}},"43":{"start":{"line":154,"column":26},"end":{"line":154,"column":null}},"44":{"start":{"line":155,"column":27},"end":{"line":155,"column":null}},"45":{"start":{"line":156,"column":27},"end":{"line":156,"column":null}},"46":{"start":{"line":157,"column":12},"end":{"line":157,"column":null}},"47":{"start":{"line":160,"column":12},"end":{"line":160,"column":null}},"48":{"start":{"line":161,"column":12},"end":{"line":161,"column":null}},"49":{"start":{"line":162,"column":12},"end":{"line":162,"column":null}},"50":{"start":{"line":167,"column":4},"end":{"line":167,"column":null}},"51":{"start":{"line":179,"column":23},"end":{"line":179,"column":null}},"52":{"start":{"line":180,"column":23},"end":{"line":180,"column":null}},"53":{"start":{"line":181,"column":24},"end":{"line":181,"column":null}},"54":{"start":{"line":183,"column":4},"end":{"line":199,"column":null}},"55":{"start":{"line":184,"column":26},"end":{"line":184,"column":null}},"56":{"start":{"line":185,"column":28},"end":{"line":185,"column":null}},"57":{"start":{"line":187,"column":8},"end":{"line":198,"column":null}},"58":{"start":{"line":189,"column":26},"end":{"line":189,"column":null}},"59":{"start":{"line":190,"column":27},"end":{"line":190,"column":null}},"60":{"start":{"line":191,"column":27},"end":{"line":191,"column":null}},"61":{"start":{"line":192,"column":12},"end":{"line":192,"column":null}},"62":{"start":{"line":195,"column":12},"end":{"line":195,"column":null}},"63":{"start":{"line":196,"column":12},"end":{"line":196,"column":null}},"64":{"start":{"line":197,"column":12},"end":{"line":197,"column":null}},"65":{"start":{"line":202,"column":4},"end":{"line":202,"column":null}},"66":{"start":{"line":227,"column":4},"end":{"line":229,"column":null}},"67":{"start":{"line":228,"column":8},"end":{"line":228,"column":null}},"68":{"start":{"line":233,"column":26},"end":{"line":239,"column":null}},"69":{"start":{"line":240,"column":30},"end":{"line":246,"column":null}},"70":{"start":{"line":247,"column":4},"end":{"line":247,"column":null}},"71":{"start":{"line":260,"column":4},"end":{"line":262,"column":null}},"72":{"start":{"line":261,"column":8},"end":{"line":261,"column":null}},"73":{"start":{"line":264,"column":24},"end":{"line":264,"column":null}},"74":{"start":{"line":267,"column":4},"end":{"line":267,"column":null}},"75":{"start":{"line":270,"column":4},"end":{"line":272,"column":null}},"76":{"start":{"line":270,"column":17},"end":{"line":270,"column":33}},"77":{"start":{"line":271,"column":8},"end":{"line":271,"column":null}},"78":{"start":{"line":275,"column":4},"end":{"line":275,"column":null}},"79":{"start":{"line":277,"column":4},"end":{"line":277,"column":null}},"80":{"start":{"line":285,"column":17},"end":{"line":285,"column":null}},"81":{"start":{"line":286,"column":17},"end":{"line":286,"column":null}},"82":{"start":{"line":287,"column":10},"end":{"line":287,"column":null}},"83":{"start":{"line":289,"column":14},"end":{"line":289,"column":null}},"84":{"start":{"line":290,"column":14},"end":{"line":291,"column":null}},"85":{"start":{"line":293,"column":27},"end":{"line":293,"column":null}},"86":{"start":{"line":294,"column":4},"end":{"line":294,"column":null}},"87":{"start":{"line":302,"column":17},"end":{"line":302,"column":null}},"88":{"start":{"line":303,"column":4},"end":{"line":303,"column":null}},"89":{"start":{"line":323,"column":4},"end":{"line":323,"column":null}},"90":{"start":{"line":324,"column":4},"end":{"line":324,"column":null}}},"fnMap":{"0":{"name":"haversineDistance","decl":{"start":{"line":22,"column":16},"end":{"line":22,"column":34}},"loc":{"start":{"line":22,"column":82},"end":{"line":34,"column":null}},"line":22},"1":{"name":"findNearestPointOnPolyline","decl":{"start":{"line":40,"column":16},"end":{"line":40,"column":null}},"loc":{"start":{"line":43,"column":58},"end":{"line":63,"column":null}},"line":43},"2":{"name":"projectPointOnSegment","decl":{"start":{"line":86,"column":9},"end":{"line":86,"column":31}},"loc":{"start":{"line":86,"column":90},"end":{"line":120,"column":null}},"line":86},"3":{"name":"moveAlongPolyline","decl":{"start":{"line":132,"column":16},"end":{"line":132,"column":null}},"loc":{"start":{"line":137,"column":40},"end":{"line":168,"column":null}},"line":137},"4":{"name":"moveBackward","decl":{"start":{"line":173,"column":9},"end":{"line":173,"column":null}},"loc":{"start":{"line":178,"column":40},"end":{"line":203,"column":null}},"line":178},"5":{"name":"calculateDistanceAlongPolyline","decl":{"start":{"line":219,"column":16},"end":{"line":219,"column":null}},"loc":{"start":{"line":225,"column":10},"end":{"line":248,"column":null}},"line":225},"6":{"name":"calculateForwardDistance","decl":{"start":{"line":253,"column":9},"end":{"line":253,"column":null}},"loc":{"start":{"line":259,"column":10},"end":{"line":278,"column":null}},"line":259},"7":{"name":"calculateBearing","decl":{"start":{"line":284,"column":16},"end":{"line":284,"column":33}},"loc":{"start":{"line":284,"column":77},"end":{"line":295,"column":null}},"line":284},"8":{"name":"getAngleDifference","decl":{"start":{"line":301,"column":16},"end":{"line":301,"column":35}},"loc":{"start":{"line":301,"column":75},"end":{"line":304,"column":null}},"line":301},"9":{"name":"easeOutQuad","decl":{"start":{"line":321,"column":16},"end":{"line":321,"column":28}},"loc":{"start":{"line":321,"column":47},"end":{"line":325,"column":null}},"line":321}},"branchMap":{"0":{"loc":{"start":{"line":55,"column":8},"end":{"line":59,"column":null}},"type":"if","locations":[{"start":{"line":55,"column":8},"end":{"line":59,"column":null}},{"start":{},"end":{}}],"line":55},"1":{"loc":{"start":{"line":100,"column":4},"end":{"line":100,"column":null}},"type":"if","locations":[{"start":{"line":100,"column":4},"end":{"line":100,"column":null}},{"start":{},"end":{}}],"line":100},"2":{"loc":{"start":{"line":139,"column":4},"end":{"line":141,"column":null}},"type":"if","locations":[{"start":{"line":139,"column":4},"end":{"line":141,"column":null}},{"start":{},"end":{}}],"line":139},"3":{"loc":{"start":{"line":148,"column":11},"end":{"line":148,"column":68}},"type":"binary-expr","locations":[{"start":{"line":148,"column":11},"end":{"line":148,"column":32}},{"start":{"line":148,"column":32},"end":{"line":148,"column":68}}],"line":148},"4":{"loc":{"start":{"line":152,"column":8},"end":{"line":163,"column":null}},"type":"if","locations":[{"start":{"line":152,"column":8},"end":{"line":163,"column":null}},{"start":{"line":158,"column":15},"end":{"line":163,"column":null}}],"line":152},"5":{"loc":{"start":{"line":183,"column":11},"end":{"line":183,"column":51}},"type":"binary-expr","locations":[{"start":{"line":183,"column":11},"end":{"line":183,"column":32}},{"start":{"line":183,"column":32},"end":{"line":183,"column":51}}],"line":183},"6":{"loc":{"start":{"line":187,"column":8},"end":{"line":198,"column":null}},"type":"if","locations":[{"start":{"line":187,"column":8},"end":{"line":198,"column":null}},{"start":{"line":193,"column":15},"end":{"line":198,"column":null}}],"line":187},"7":{"loc":{"start":{"line":227,"column":4},"end":{"line":229,"column":null}},"type":"if","locations":[{"start":{"line":227,"column":4},"end":{"line":229,"column":null}},{"start":{},"end":{}}],"line":227},"8":{"loc":{"start":{"line":260,"column":4},"end":{"line":262,"column":null}},"type":"if","locations":[{"start":{"line":260,"column":4},"end":{"line":262,"column":null}},{"start":{},"end":{}}],"line":260},"9":{"loc":{"start":{"line":303,"column":11},"end":{"line":303,"column":null}},"type":"cond-expr","locations":[{"start":{"line":303,"column":24},"end":{"line":303,"column":37}},{"start":{"line":303,"column":37},"end":{"line":303,"column":null}}],"line":303}},"s":{"0":2,"1":2,"2":2,"3":2,"4":2,"5":2,"6":2,"7":2,"8":1,"9":1,"10":1,"11":1,"12":1,"13":2,"14":2,"15":2,"16":2,"17":2,"18":1,"19":1,"20":1,"21":1,"22":2,"23":2,"24":2,"25":2,"26":2,"27":2,"28":0,"29":2,"30":2,"31":2,"32":2,"33":2,"34":0,"35":0,"36":0,"37":0,"38":0,"39":0,"40":0,"41":0,"42":0,"43":0,"44":0,"45":0,"46":0,"47":0,"48":0,"49":0,"50":0,"51":0,"52":0,"53":0,"54":0,"55":0,"56":0,"57":0,"58":0,"59":0,"60":0,"61":0,"62":0,"63":0,"64":0,"65":0,"66":0,"67":0,"68":0,"69":0,"70":0,"71":0,"72":0,"73":0,"74":0,"75":0,"76":0,"77":0,"78":0,"79":0,"80":0,"81":0,"82":0,"83":0,"84":0,"85":0,"86":0,"87":0,"88":0,"89":0,"90":0},"f":{"0":2,"1":1,"2":2,"3":0,"4":0,"5":0,"6":0,"7":0,"8":0,"9":0},"b":{"0":[1,1],"1":[0,2],"2":[0,0],"3":[0,0],"4":[0,0],"5":[0,0],"6":[0,0],"7":[0,0],"8":[0,0],"9":[0,0]},"meta":{"lastBranch":10,"lastFunction":10,"lastStatement":91,"seen":{"s:7:10:7:Infinity":0,"f:22:16:22:34":0,"s:23:17:23:Infinity":1,"s:24:17:24:Infinity":2,"s:25:10:25:Infinity":3,"s:26:10:26:Infinity":4,"s:28:14:30:Infinity":5,"s:31:14:31:Infinity":6,"s:33:4:33:Infinity":7,"f:40:16:40:Infinity":1,"s:44:22:44:Infinity":8,"s:45:20:45:Infinity":9,"s:46:20:46:Infinity":10,"s:48:4:60:Infinity":11,"s:48:17:48:20":12,"s:49:19:49:Infinity":13,"s:50:19:50:Infinity":14,"s:52:26:52:Infinity":15,"s:53:21:53:Infinity":16,"b:55:8:59:Infinity:undefined:undefined:undefined:undefined":0,"s:55:8:59:Infinity":17,"s:56:12:56:Infinity":18,"s:57:12:57:Infinity":19,"s:58:12:58:Infinity":20,"s:62:4:62:Infinity":21,"f:86:9:86:31":2,"s:88:10:88:Infinity":22,"s:89:19:89:Infinity":23,"s:93:10:93:Infinity":24,"s:94:15:94:Infinity":25,"s:97:15:97:Infinity":26,"b:100:4:100:Infinity:undefined:undefined:undefined:undefined":1,"s:100:4:100:Infinity":27,"s:100:18:100:Infinity":28,"s:103:10:103:Infinity":29,"s:104:15:104:Infinity":30,"s:108:8:108:Infinity":31,"s:111:4:111:Infinity":32,"s:116:4:119:Infinity":33,"f:132:16:132:Infinity":3,"b:139:4:141:Infinity:undefined:undefined:undefined:undefined":2,"s:139:4:141:Infinity":34,"s:140:8:140:Infinity":35,"s:144:23:144:Infinity":36,"s:145:23:145:Infinity":37,"s:146:24:146:Infinity":38,"s:148:4:164:Infinity":39,"b:148:11:148:32:148:32:148:68":3,"s:149:26:149:Infinity":40,"s:150:28:150:Infinity":41,"b:152:8:163:Infinity:158:15:163:Infinity":4,"s:152:8:163:Infinity":42,"s:154:26:154:Infinity":43,"s:155:27:155:Infinity":44,"s:156:27:156:Infinity":45,"s:157:12:157:Infinity":46,"s:160:12:160:Infinity":47,"s:161:12:161:Infinity":48,"s:162:12:162:Infinity":49,"s:167:4:167:Infinity":50,"f:173:9:173:Infinity":4,"s:179:23:179:Infinity":51,"s:180:23:180:Infinity":52,"s:181:24:181:Infinity":53,"s:183:4:199:Infinity":54,"b:183:11:183:32:183:32:183:51":5,"s:184:26:184:Infinity":55,"s:185:28:185:Infinity":56,"b:187:8:198:Infinity:193:15:198:Infinity":6,"s:187:8:198:Infinity":57,"s:189:26:189:Infinity":58,"s:190:27:190:Infinity":59,"s:191:27:191:Infinity":60,"s:192:12:192:Infinity":61,"s:195:12:195:Infinity":62,"s:196:12:196:Infinity":63,"s:197:12:197:Infinity":64,"s:202:4:202:Infinity":65,"f:219:16:219:Infinity":5,"b:227:4:229:Infinity:undefined:undefined:undefined:undefined":7,"s:227:4:229:Infinity":66,"s:228:8:228:Infinity":67,"s:233:26:239:Infinity":68,"s:240:30:246:Infinity":69,"s:247:4:247:Infinity":70,"f:253:9:253:Infinity":6,"b:260:4:262:Infinity:undefined:undefined:undefined:undefined":8,"s:260:4:262:Infinity":71,"s:261:8:261:Infinity":72,"s:264:24:264:Infinity":73,"s:267:4:267:Infinity":74,"s:270:4:272:Infinity":75,"s:270:17:270:33":76,"s:271:8:271:Infinity":77,"s:275:4:275:Infinity":78,"s:277:4:277:Infinity":79,"f:284:16:284:33":7,"s:285:17:285:Infinity":80,"s:286:17:286:Infinity":81,"s:287:10:287:Infinity":82,"s:289:14:289:Infinity":83,"s:290:14:291:Infinity":84,"s:293:27:293:Infinity":85,"s:294:4:294:Infinity":86,"f:301:16:301:35":8,"s:302:17:302:Infinity":87,"s:303:4:303:Infinity":88,"b:303:24:303:37:303:37:303:Infinity":9,"f:321:16:321:28":9,"s:323:4:323:Infinity":89,"s:324:4:324:Infinity":90}}}
,"/Users/joel/eclipse-workspace/shuttletracker-new/frontend/src/ts/types/ClosestStop.ts": {"path":"/Users/joel/eclipse-workspace/shuttletracker-new/frontend/src/ts/types/ClosestStop.ts","statementMap":{"0":{"start":{"line":11,"column":18},"end":{"line":11,"column":null}},"1":{"start":{"line":11,"column":36},"end":{"line":11,"column":null}},"2":{"start":{"line":12,"column":17},"end":{"line":12,"column":36}},"3":{"start":{"line":12,"column":43},"end":{"line":12,"column":null}},"4":{"start":{"line":13,"column":17},"end":{"line":13,"column":36}},"5":{"start":{"line":13,"column":43},"end":{"line":13,"column":null}},"6":{"start":{"line":15,"column":38},"end":{"line":15,"column":null}},"7":{"start":{"line":16,"column":14},"end":{"line":16,"column":null}},"8":{"start":{"line":17,"column":17},"end":{"line":17,"column":null}},"9":{"start":{"line":18,"column":17},"end":{"line":18,"column":null}},"10":{"start":{"line":21,"column":6},"end":{"line":22,"column":null}},"11":{"start":{"line":23,"column":14},"end":{"line":23,"column":null}},"12":{"start":{"line":24,"column":4},"end":{"line":24,"column":null}},"13":{"start":{"line":31,"column":24},"end":{"line":31,"column":null}},"14":{"start":{"line":33,"column":2},"end":{"line":45,"column":null}},"15":{"start":{"line":34,"column":17},"end":{"line":34,"column":null}},"16":{"start":{"line":35,"column":4},"end":{"line":35,"column":null}},"17":{"start":{"line":35,"column":15},"end":{"line":35,"column":null}},"18":{"start":{"line":37,"column":23},"end":{"line":37,"column":null}},"19":{"start":{"line":38,"column":4},"end":{"line":44,"column":null}},"20":{"start":{"line":46,"column":2},"end":{"line":46,"column":null}},"21":{"start":{"line":56,"column":24},"end":{"line":56,"column":null}},"22":{"start":{"line":57,"column":21},"end":{"line":57,"column":null}},"23":{"start":{"line":59,"column":24},"end":{"line":59,"column":null}},"24":{"start":{"line":60,"column":21},"end":{"line":60,"column":null}},"25":{"start":{"line":62,"column":2},"end":{"line":75,"column":null}},"26":{"start":{"line":63,"column":22},"end":{"line":63,"column":null}},"27":{"start":{"line":64,"column":4},"end":{"line":64,"column":null}},"28":{"start":{"line":64,"column":20},"end":{"line":64,"column":null}},"29":{"start":{"line":66,"column":23},"end":{"line":66,"column":null}},"30":{"start":{"line":68,"column":4},"end":{"line":74,"column":null}},"31":{"start":{"line":69,"column":23},"end":{"line":69,"column":null}},"32":{"start":{"line":70,"column":6},"end":{"line":70,"column":null}},"33":{"start":{"line":70,"column":36},"end":{"line":70,"column":null}},"34":{"start":{"line":72,"column":6},"end":{"line":72,"column":null}},"35":{"start":{"line":73,"column":6},"end":{"line":73,"column":null}},"36":{"start":{"line":77,"column":2},"end":{"line":77,"column":null}},"37":{"start":{"line":87,"column":35},"end":{"line":87,"column":null}},"38":{"start":{"line":88,"column":19},"end":{"line":88,"column":null}},"39":{"start":{"line":90,"column":4},"end":{"line":96,"column":null}},"40":{"start":{"line":91,"column":21},"end":{"line":91,"column":null}},"41":{"start":{"line":92,"column":6},"end":{"line":95,"column":null}},"42":{"start":{"line":93,"column":8},"end":{"line":93,"column":null}},"43":{"start":{"line":94,"column":8},"end":{"line":94,"column":null}},"44":{"start":{"line":97,"column":4},"end":{"line":97,"column":null}}},"fnMap":{"0":{"name":"haversine","decl":{"start":{"line":10,"column":16},"end":{"line":10,"column":26}},"loc":{"start":{"line":10,"column":64},"end":{"line":25,"column":null}},"line":10},"1":{"name":"(anonymous_1)","decl":{"start":{"line":11,"column":18},"end":{"line":11,"column":19}},"loc":{"start":{"line":11,"column":36},"end":{"line":11,"column":null}},"line":11},"2":{"name":"extractStopsFromRoute","decl":{"start":{"line":28,"column":16},"end":{"line":28,"column":null}},"loc":{"start":{"line":30,"column":10},"end":{"line":47,"column":null}},"line":30},"3":{"name":"buildAllStops","decl":{"start":{"line":51,"column":16},"end":{"line":51,"column":null}},"loc":{"start":{"line":55,"column":10},"end":{"line":78,"column":null}},"line":55},"4":{"name":"findClosestStop","decl":{"start":{"line":83,"column":16},"end":{"line":83,"column":null}},"loc":{"start":{"line":86,"column":24},"end":{"line":98,"column":null}},"line":86}},"branchMap":{"0":{"loc":{"start":{"line":35,"column":4},"end":{"line":35,"column":null}},"type":"if","locations":[{"start":{"line":35,"column":4},"end":{"line":35,"column":null}},{"start":{},"end":{}}],"line":35},"1":{"loc":{"start":{"line":64,"column":4},"end":{"line":64,"column":null}},"type":"if","locations":[{"start":{"line":64,"column":4},"end":{"line":64,"column":null}},{"start":{},"end":{}}],"line":64},"2":{"loc":{"start":{"line":70,"column":6},"end":{"line":70,"column":null}},"type":"if","locations":[{"start":{"line":70,"column":6},"end":{"line":70,"column":null}},{"start":{},"end":{}}],"line":70},"3":{"loc":{"start":{"line":92,"column":6},"end":{"line":95,"column":null}},"type":"if","locations":[{"start":{"line":92,"column":6},"end":{"line":95,"column":null}},{"start":{},"end":{}}],"line":92}},"s":{"0":0,"1":0,"2":0,"3":0,"4":0,"5":0,"6":0,"7":0,"8":0,"9":0,"10":0,"11":0,"12":0,"13":6,"14":6,"15":54,"16":54,"17":0,"18":54,"19":54,"20":6,"21":3,"22":3,"23":3,"24":3,"25":3,"26":6,"27":6,"28":0,"29":6,"30":6,"31":54,"32":54,"33":6,"34":48,"35":48,"36":3,"37":0,"38":0,"39":0,"40":0,"41":0,"42":0,"43":0,"44":0},"f":{"0":0,"1":0,"2":6,"3":3,"4":0},"b":{"0":[0,54],"1":[0,6],"2":[6,48],"3":[0,0]},"meta":{"lastBranch":4,"lastFunction":5,"lastStatement":45,"seen":{"f:10:16:10:26":0,"s:11:18:11:Infinity":0,"f:11:18:11:19":1,"s:11:36:11:Infinity":1,"s:12:17:12:36":2,"s:12:43:12:Infinity":3,"s:13:17:13:36":4,"s:13:43:13:Infinity":5,"s:15:38:15:Infinity":6,"s:16:14:16:Infinity":7,"s:17:17:17:Infinity":8,"s:18:17:18:Infinity":9,"s:21:6:22:Infinity":10,"s:23:14:23:Infinity":11,"s:24:4:24:Infinity":12,"f:28:16:28:Infinity":2,"s:31:24:31:Infinity":13,"s:33:2:45:Infinity":14,"s:34:17:34:Infinity":15,"b:35:4:35:Infinity:undefined:undefined:undefined:undefined":0,"s:35:4:35:Infinity":16,"s:35:15:35:Infinity":17,"s:37:23:37:Infinity":18,"s:38:4:44:Infinity":19,"s:46:2:46:Infinity":20,"f:51:16:51:Infinity":3,"s:56:24:56:Infinity":21,"s:57:21:57:Infinity":22,"s:59:24:59:Infinity":23,"s:60:21:60:Infinity":24,"s:62:2:75:Infinity":25,"s:63:22:63:Infinity":26,"b:64:4:64:Infinity:undefined:undefined:undefined:undefined":1,"s:64:4:64:Infinity":27,"s:64:20:64:Infinity":28,"s:66:23:66:Infinity":29,"s:68:4:74:Infinity":30,"s:69:23:69:Infinity":31,"b:70:6:70:Infinity:undefined:undefined:undefined:undefined":2,"s:70:6:70:Infinity":32,"s:70:36:70:Infinity":33,"s:72:6:72:Infinity":34,"s:73:6:73:Infinity":35,"s:77:2:77:Infinity":36,"f:83:16:83:Infinity":4,"s:87:35:87:Infinity":37,"s:88:19:88:Infinity":38,"s:90:4:96:Infinity":39,"s:91:21:91:Infinity":40,"b:92:6:95:Infinity:undefined:undefined:undefined:undefined":3,"s:92:6:95:Infinity":41,"s:93:8:93:Infinity":42,"s:94:8:94:Infinity":43,"s:97:4:97:Infinity":44}}}
}
